<?xml version="1.0" encoding="UTF-8"?>
<testsuite xmlns:xsi="http://www.w3.org/2001/XMLSchema-instance" xsi:noNamespaceSchemaLocation="https://maven.apache.org/surefire/maven-surefire-plugin/xsd/surefire-test-report-3.0.xsd" version="3.0" name="cn.com.chiner.dbtype.OracleTest" time="5.086" tests="3" errors="0" skipped="0" failures="0">
  <properties>
[...]
</properties>
  <testcase name="getTableDDLTest" classname="cn.com.chiner.dbtype.OracleTest" time="1.08">
    <system-out><![CDATA[2023-08-13 10:01:24.061 [main] INFO  cn.com.chiner.java.Application - ------------------------------------>>>[执行命令]<<<-------------------------------------
2023-08-13 10:01:24.061 [main] INFO  cn.com.chiner.java.Application - DBReverseGetTableDDL driver_class_name=oracle.jdbc.driver.OracleDriver url=jdbc:oracle:thin:@g5.mtain.top:30003:ORCL username=UCREDIT password=pNhpE8hn tables=SIMS_CLASS,SIMS_STUDENT out=/Users/asher/workspace/ws-vekai/chiner-java/src/test/resources/out/dbrgtddl-3422357687896.json
2023-08-13 10:01:24.061 [main] DEBUG cn.com.chiner.java.Application - java.specification.version = 17
2023-08-13 10:01:24.061 [main] DEBUG cn.com.chiner.java.Application - sun.jnu.encoding = UTF-8
2023-08-13 10:01:24.061 [main] DEBUG cn.com.chiner.java.Application - java.class.path = /home/mmllllyyy/chiner-java/target/test-classes:/home/mmllllyyy/chiner-java/target/classes:/home/mmllllyyy/.m2/repository/com/h2database/h2/1.3.176/h2-1.3.176.jar:/home/mmllllyyy/.m2/repository/mysql/mysql-connector-java/8.0.26/mysql-connector-java-8.0.26.jar:/home/mmllllyyy/.m2/repository/com/google/protobuf/protobuf-java/3.11.4/protobuf-java-3.11.4.jar:/home/mmllllyyy/.m2/repository/com/oracle/database/jdbc/ojdbc8/21.3.0.0/ojdbc8-21.3.0.0.jar:/home/mmllllyyy/.m2/repository/cn/easyproject/orai18n/12.1.0.2.0/orai18n-12.1.0.2.0.jar:/home/mmllllyyy/.m2/repository/com/microsoft/sqlserver/mssql-jdbc/6.2.2.jre8/mssql-jdbc-6.2.2.jre8.jar:/home/mmllllyyy/.m2/repository/org/postgresql/postgresql/42.2.23/postgresql-42.2.23.jar:/home/mmllllyyy/.m2/repository/org/checkerframework/checker-qual/3.5.0/checker-qual-3.5.0.jar:/home/mmllllyyy/.m2/repository/com/ibm/db2/jcc/11.5.5.0/jcc-11.5.5.0.jar:/home/mmllllyyy/.m2/repository/com/dameng/DmJdbcDriver18/8.1.1.193/DmJdbcDriver18-8.1.1.193.jar:/home/mmllllyyy/chiner-java/jdbc/gbasedbtjdbc_3.3.0.jar:/home/mmllllyyy/chiner-java/jdbc/kingbase8-8.6.0.jar:/home/mmllllyyy/.m2/repository/com/aliyun/odps/odps-jdbc/3.2.9/odps-jdbc-3.2.9.jar:/home/mmllllyyy/.m2/repository/com/aliyun/odps/odps-sdk-core/0.36.4-public/odps-sdk-core-0.36.4-public-shaded.jar:/home/mmllllyyy/.m2/repository/com/aliyun/odps/odps-sdk-commons/0.36.4-public/odps-sdk-commons-0.36.4-public.jar:/home/mmllllyyy/.m2/repository/org/aspectj/aspectjrt/1.8.9/aspectjrt-1.8.9.jar:/home/mmllllyyy/.m2/repository/org/codehaus/jackson/jackson-mapper-asl/1.9.13/jackson-mapper-asl-1.9.13.jar:/home/mmllllyyy/.m2/repository/org/codehaus/jackson/jackson-core-asl/1.9.13/jackson-core-asl-1.9.13.jar:/home/mmllllyyy/.m2/repository/com/google/guava/guava/15.0/guava-15.0.jar:/home/mmllllyyy/.m2/repository/net/sourceforge/javacsv/javacsv/2.0/javacsv-2.0.jar:/home/mmllllyyy/.m2/repository/org/xerial/snappy/snappy-java/1.1.1.6/snappy-java-1.1.1.6.jar:/home/mmllllyyy/.m2/repository/javax/mail/mail/1.4.7/mail-1.4.7.jar:/home/mmllllyyy/.m2/repository/stax/stax-api/1.0.1/stax-api-1.0.1.jar:/home/mmllllyyy/.m2/repository/stax/stax/1.2.0/stax-1.2.0.jar:/home/mmllllyyy/.m2/repository/xpp3/xpp3/1.1.3.3/xpp3-1.1.3.3.jar:/home/mmllllyyy/.m2/repository/com/google/code/gson/gson/2.2.4/gson-2.2.4.jar:/home/mmllllyyy/.m2/repository/commons-lang/commons-lang/2.6/commons-lang-2.6.jar:/home/mmllllyyy/.m2/repository/org/xerial/sqlite-jdbc/3.36.0.3/sqlite-jdbc-3.36.0.3.jar:/home/mmllllyyy/.m2/repository/commons-codec/commons-codec/1.11/commons-codec-1.11.jar:/home/mmllllyyy/.m2/repository/junit/junit/4.12/junit-4.12.jar:/home/mmllllyyy/.m2/repository/org/hamcrest/hamcrest-core/1.3/hamcrest-core-1.3.jar:/home/mmllllyyy/.m2/repository/commons-io/commons-io/2.5/commons-io-2.5.jar:/home/mmllllyyy/.m2/repository/commons-jxpath/commons-jxpath/1.3/commons-jxpath-1.3.jar:/home/mmllllyyy/.m2/repository/org/slf4j/slf4j-api/1.7.9/slf4j-api-1.7.9.jar:/home/mmllllyyy/.m2/repository/ch/qos/logback/logback-classic/1.2.1/logback-classic-1.2.1.jar:/home/mmllllyyy/.m2/repository/ch/qos/logback/logback-core/1.2.1/logback-core-1.2.1.jar:/home/mmllllyyy/.m2/repository/commons-beanutils/commons-beanutils/1.9.3/commons-beanutils-1.9.3.jar:/home/mmllllyyy/.m2/repository/commons-logging/commons-logging/1.2/commons-logging-1.2.jar:/home/mmllllyyy/.m2/repository/commons-collections/commons-collections/3.2.2/commons-collections-3.2.2.jar:/home/mmllllyyy/.m2/repository/org/apache/commons/commons-lang3/3.5/commons-lang3-3.5.jar:/home/mmllllyyy/.m2/repository/joda-time/joda-time/2.9.9/joda-time-2.9.9.jar:/home/mmllllyyy/.m2/repository/com/fasterxml/jackson/core/jackson-databind/2.9.6/jackson-databind-2.9.6.jar:/home/mmllllyyy/.m2/repository/com/fasterxml/jackson/core/jackson-annotations/2.9.0/jackson-annotations-2.9.0.jar:/home/mmllllyyy/.m2/repository/com/fasterxml/jackson/core/jackson-core/2.9.6/jackson-core-2.9.6.jar:/home/mmllllyyy/.m2/repository/com/fasterxml/jackson/datatype/jackson-datatype-jsr310/2.9.6/jackson-datatype-jsr310-2.9.6.jar:/home/mmllllyyy/.m2/repository/com/deepoove/poi-tl/1.10.0/poi-tl-1.10.0.jar:/home/mmllllyyy/.m2/repository/org/apache/poi/poi-ooxml/4.1.2/poi-ooxml-4.1.2.jar:/home/mmllllyyy/.m2/repository/org/apache/poi/poi-ooxml-schemas/4.1.2/poi-ooxml-schemas-4.1.2.jar:/home/mmllllyyy/.m2/repository/org/apache/xmlbeans/xmlbeans/3.1.0/xmlbeans-3.1.0.jar:/home/mmllllyyy/.m2/repository/com/github/virtuald/curvesapi/1.06/curvesapi-1.06.jar:/home/mmllllyyy/.m2/repository/org/apache/poi/poi/4.1.2/poi-4.1.2.jar:/home/mmllllyyy/.m2/repository/org/apache/commons/commons-collections4/4.4/commons-collections4-4.4.jar:/home/mmllllyyy/.m2/repository/org/apache/commons/commons-math3/3.6.1/commons-math3-3.6.1.jar:/home/mmllllyyy/.m2/repository/com/zaxxer/SparseBitSet/1.2/SparseBitSet-1.2.jar:/home/mmllllyyy/.m2/repository/com/deepoove/poi-ooxml-schemas-extra/4.1.2/poi-ooxml-schemas-extra-4.1.2.jar:/home/mmllllyyy/.m2/repository/org/apache/xmlgraphics/batik-transcoder/1.14/batik-transcoder-1.14.jar:/home/mmllllyyy/.m2/repository/org/apache/xmlgraphics/batik-anim/1.14/batik-anim-1.14.jar:/home/mmllllyyy/.m2/repository/org/apache/xmlgraphics/batik-css/1.14/batik-css-1.14.jar:/home/mmllllyyy/.m2/repository/org/apache/xmlgraphics/batik-ext/1.14/batik-ext-1.14.jar:/home/mmllllyyy/.m2/repository/org/apache/xmlgraphics/batik-parser/1.14/batik-parser-1.14.jar:/home/mmllllyyy/.m2/repository/org/apache/xmlgraphics/batik-svg-dom/1.14/batik-svg-dom-1.14.jar:/home/mmllllyyy/.m2/repository/org/apache/xmlgraphics/batik-awt-util/1.14/batik-awt-util-1.14.jar:/home/mmllllyyy/.m2/repository/org/apache/xmlgraphics/xmlgraphics-commons/2.6/xmlgraphics-commons-2.6.jar:/home/mmllllyyy/.m2/repository/org/apache/xmlgraphics/batik-bridge/1.14/batik-bridge-1.14.jar:/home/mmllllyyy/.m2/repository/org/apache/xmlgraphics/batik-script/1.14/batik-script-1.14.jar:/home/mmllllyyy/.m2/repository/org/apache/xmlgraphics/batik-dom/1.14/batik-dom-1.14.jar:/home/mmllllyyy/.m2/repository/xalan/xalan/2.7.2/xalan-2.7.2.jar:/home/mmllllyyy/.m2/repository/xalan/serializer/2.7.2/serializer-2.7.2.jar:/home/mmllllyyy/.m2/repository/xml-apis/xml-apis/1.4.01/xml-apis-1.4.01.jar:/home/mmllllyyy/.m2/repository/org/apache/xmlgraphics/batik-gvt/1.14/batik-gvt-1.14.jar:/home/mmllllyyy/.m2/repository/org/apache/xmlgraphics/batik-shared-resources/1.14/batik-shared-resources-1.14.jar:/home/mmllllyyy/.m2/repository/org/apache/xmlgraphics/batik-svggen/1.14/batik-svggen-1.14.jar:/home/mmllllyyy/.m2/repository/org/apache/xmlgraphics/batik-util/1.14/batik-util-1.14.jar:/home/mmllllyyy/.m2/repository/org/apache/xmlgraphics/batik-constants/1.14/batik-constants-1.14.jar:/home/mmllllyyy/.m2/repository/org/apache/xmlgraphics/batik-i18n/1.14/batik-i18n-1.14.jar:/home/mmllllyyy/.m2/repository/org/apache/xmlgraphics/batik-xml/1.14/batik-xml-1.14.jar:/home/mmllllyyy/.m2/repository/xml-apis/xml-apis-ext/1.3.04/xml-apis-ext-1.3.04.jar:/home/mmllllyyy/.m2/repository/org/apache/xmlgraphics/batik-codec/1.14/batik-codec-1.14.jar:/home/mmllllyyy/.m2/repository/org/apache/commons/commons-compress/1.19/commons-compress-1.19.jar:/home/mmllllyyy/.m2/repository/com/alibaba/druid/1.1.21/druid-1.1.21.jar:/home/mmllllyyy/.m2/repository/org/dom4j/dom4j/2.1.3/dom4j-2.1.3.jar:/home/mmllllyyy/.m2/repository/jaxen/jaxen/1.2.0/jaxen-1.2.0.jar:/home/mmllllyyy/.m2/repository/javax/xml/bind/jaxb-api/2.3.0/jaxb-api-2.3.0.jar:/home/mmllllyyy/.m2/repository/com/sun/xml/bind/jaxb-impl/2.3.0/jaxb-impl-2.3.0.jar:/home/mmllllyyy/.m2/repository/com/sun/xml/bind/jaxb-core/2.3.0/jaxb-core-2.3.0.jar:/home/mmllllyyy/.m2/repository/javax/activation/activation/1.1.1/activation-1.1.1.jar:
2023-08-13 10:01:24.061 [main] DEBUG cn.com.chiner.java.Application - java.vm.vendor = Oracle Corporation
2023-08-13 10:01:24.061 [main] DEBUG cn.com.chiner.java.Application - sun.arch.data.model = 64
2023-08-13 10:01:24.062 [main] DEBUG cn.com.chiner.java.Application - java.vendor.url = https://java.oracle.com/
2023-08-13 10:01:24.062 [main] DEBUG cn.com.chiner.java.Application - user.timezone = Asia/Shanghai
2023-08-13 10:01:24.062 [main] DEBUG cn.com.chiner.java.Application - java.vm.specification.version = 17
2023-08-13 10:01:24.062 [main] DEBUG cn.com.chiner.java.Application - os.name = Linux
2023-08-13 10:01:24.062 [main] DEBUG cn.com.chiner.java.Application - sun.java.launcher = SUN_STANDARD
2023-08-13 10:01:24.062 [main] DEBUG cn.com.chiner.java.Application - sun.boot.library.path = /usr/lib/jvm/jdk-17.0.8/lib
2023-08-13 10:01:24.062 [main] DEBUG cn.com.chiner.java.Application - sun.java.command = /home/mmllllyyy/chiner-java/target/surefire/surefirebooter-20230813100123384_3.jar /home/mmllllyyy/chiner-java/target/surefire 2023-08-13T10-01-23_333-jvmRun1 surefire-20230813100123384_1tmp surefire_0-20230813100123384_2tmp
2023-08-13 10:01:24.062 [main] DEBUG cn.com.chiner.java.Application - jdk.debug = release
2023-08-13 10:01:24.062 [main] DEBUG cn.com.chiner.java.Application - surefire.test.class.path = /home/mmllllyyy/chiner-java/target/test-classes:/home/mmllllyyy/chiner-java/target/classes:/home/mmllllyyy/.m2/repository/com/h2database/h2/1.3.176/h2-1.3.176.jar:/home/mmllllyyy/.m2/repository/mysql/mysql-connector-java/8.0.26/mysql-connector-java-8.0.26.jar:/home/mmllllyyy/.m2/repository/com/google/protobuf/protobuf-java/3.11.4/protobuf-java-3.11.4.jar:/home/mmllllyyy/.m2/repository/com/oracle/database/jdbc/ojdbc8/21.3.0.0/ojdbc8-21.3.0.0.jar:/home/mmllllyyy/.m2/repository/cn/easyproject/orai18n/12.1.0.2.0/orai18n-12.1.0.2.0.jar:/home/mmllllyyy/.m2/repository/com/microsoft/sqlserver/mssql-jdbc/6.2.2.jre8/mssql-jdbc-6.2.2.jre8.jar:/home/mmllllyyy/.m2/repository/org/postgresql/postgresql/42.2.23/postgresql-42.2.23.jar:/home/mmllllyyy/.m2/repository/org/checkerframework/checker-qual/3.5.0/checker-qual-3.5.0.jar:/home/mmllllyyy/.m2/repository/com/ibm/db2/jcc/11.5.5.0/jcc-11.5.5.0.jar:/home/mmllllyyy/.m2/repository/com/dameng/DmJdbcDriver18/8.1.1.193/DmJdbcDriver18-8.1.1.193.jar:/home/mmllllyyy/chiner-java/jdbc/gbasedbtjdbc_3.3.0.jar:/home/mmllllyyy/chiner-java/jdbc/kingbase8-8.6.0.jar:/home/mmllllyyy/.m2/repository/com/aliyun/odps/odps-jdbc/3.2.9/odps-jdbc-3.2.9.jar:/home/mmllllyyy/.m2/repository/com/aliyun/odps/odps-sdk-core/0.36.4-public/odps-sdk-core-0.36.4-public-shaded.jar:/home/mmllllyyy/.m2/repository/com/aliyun/odps/odps-sdk-commons/0.36.4-public/odps-sdk-commons-0.36.4-public.jar:/home/mmllllyyy/.m2/repository/org/aspectj/aspectjrt/1.8.9/aspectjrt-1.8.9.jar:/home/mmllllyyy/.m2/repository/org/codehaus/jackson/jackson-mapper-asl/1.9.13/jackson-mapper-asl-1.9.13.jar:/home/mmllllyyy/.m2/repository/org/codehaus/jackson/jackson-core-asl/1.9.13/jackson-core-asl-1.9.13.jar:/home/mmllllyyy/.m2/repository/com/google/guava/guava/15.0/guava-15.0.jar:/home/mmllllyyy/.m2/repository/net/sourceforge/javacsv/javacsv/2.0/javacsv-2.0.jar:/home/mmllllyyy/.m2/repository/org/xerial/snappy/snappy-java/1.1.1.6/snappy-java-1.1.1.6.jar:/home/mmllllyyy/.m2/repository/javax/mail/mail/1.4.7/mail-1.4.7.jar:/home/mmllllyyy/.m2/repository/stax/stax-api/1.0.1/stax-api-1.0.1.jar:/home/mmllllyyy/.m2/repository/stax/stax/1.2.0/stax-1.2.0.jar:/home/mmllllyyy/.m2/repository/xpp3/xpp3/1.1.3.3/xpp3-1.1.3.3.jar:/home/mmllllyyy/.m2/repository/com/google/code/gson/gson/2.2.4/gson-2.2.4.jar:/home/mmllllyyy/.m2/repository/commons-lang/commons-lang/2.6/commons-lang-2.6.jar:/home/mmllllyyy/.m2/repository/org/xerial/sqlite-jdbc/3.36.0.3/sqlite-jdbc-3.36.0.3.jar:/home/mmllllyyy/.m2/repository/commons-codec/commons-codec/1.11/commons-codec-1.11.jar:/home/mmllllyyy/.m2/repository/junit/junit/4.12/junit-4.12.jar:/home/mmllllyyy/.m2/repository/org/hamcrest/hamcrest-core/1.3/hamcrest-core-1.3.jar:/home/mmllllyyy/.m2/repository/commons-io/commons-io/2.5/commons-io-2.5.jar:/home/mmllllyyy/.m2/repository/commons-jxpath/commons-jxpath/1.3/commons-jxpath-1.3.jar:/home/mmllllyyy/.m2/repository/org/slf4j/slf4j-api/1.7.9/slf4j-api-1.7.9.jar:/home/mmllllyyy/.m2/repository/ch/qos/logback/logback-classic/1.2.1/logback-classic-1.2.1.jar:/home/mmllllyyy/.m2/repository/ch/qos/logback/logback-core/1.2.1/logback-core-1.2.1.jar:/home/mmllllyyy/.m2/repository/commons-beanutils/commons-beanutils/1.9.3/commons-beanutils-1.9.3.jar:/home/mmllllyyy/.m2/repository/commons-logging/commons-logging/1.2/commons-logging-1.2.jar:/home/mmllllyyy/.m2/repository/commons-collections/commons-collections/3.2.2/commons-collections-3.2.2.jar:/home/mmllllyyy/.m2/repository/org/apache/commons/commons-lang3/3.5/commons-lang3-3.5.jar:/home/mmllllyyy/.m2/repository/joda-time/joda-time/2.9.9/joda-time-2.9.9.jar:/home/mmllllyyy/.m2/repository/com/fasterxml/jackson/core/jackson-databind/2.9.6/jackson-databind-2.9.6.jar:/home/mmllllyyy/.m2/repository/com/fasterxml/jackson/core/jackson-annotations/2.9.0/jackson-annotations-2.9.0.jar:/home/mmllllyyy/.m2/repository/com/fasterxml/jackson/core/jackson-core/2.9.6/jackson-core-2.9.6.jar:/home/mmllllyyy/.m2/repository/com/fasterxml/jackson/datatype/jackson-datatype-jsr310/2.9.6/jackson-datatype-jsr310-2.9.6.jar:/home/mmllllyyy/.m2/repository/com/deepoove/poi-tl/1.10.0/poi-tl-1.10.0.jar:/home/mmllllyyy/.m2/repository/org/apache/poi/poi-ooxml/4.1.2/poi-ooxml-4.1.2.jar:/home/mmllllyyy/.m2/repository/org/apache/poi/poi-ooxml-schemas/4.1.2/poi-ooxml-schemas-4.1.2.jar:/home/mmllllyyy/.m2/repository/org/apache/xmlbeans/xmlbeans/3.1.0/xmlbeans-3.1.0.jar:/home/mmllllyyy/.m2/repository/com/github/virtuald/curvesapi/1.06/curvesapi-1.06.jar:/home/mmllllyyy/.m2/repository/org/apache/poi/poi/4.1.2/poi-4.1.2.jar:/home/mmllllyyy/.m2/repository/org/apache/commons/commons-collections4/4.4/commons-collections4-4.4.jar:/home/mmllllyyy/.m2/repository/org/apache/commons/commons-math3/3.6.1/commons-math3-3.6.1.jar:/home/mmllllyyy/.m2/repository/com/zaxxer/SparseBitSet/1.2/SparseBitSet-1.2.jar:/home/mmllllyyy/.m2/repository/com/deepoove/poi-ooxml-schemas-extra/4.1.2/poi-ooxml-schemas-extra-4.1.2.jar:/home/mmllllyyy/.m2/repository/org/apache/xmlgraphics/batik-transcoder/1.14/batik-transcoder-1.14.jar:/home/mmllllyyy/.m2/repository/org/apache/xmlgraphics/batik-anim/1.14/batik-anim-1.14.jar:/home/mmllllyyy/.m2/repository/org/apache/xmlgraphics/batik-css/1.14/batik-css-1.14.jar:/home/mmllllyyy/.m2/repository/org/apache/xmlgraphics/batik-ext/1.14/batik-ext-1.14.jar:/home/mmllllyyy/.m2/repository/org/apache/xmlgraphics/batik-parser/1.14/batik-parser-1.14.jar:/home/mmllllyyy/.m2/repository/org/apache/xmlgraphics/batik-svg-dom/1.14/batik-svg-dom-1.14.jar:/home/mmllllyyy/.m2/repository/org/apache/xmlgraphics/batik-awt-util/1.14/batik-awt-util-1.14.jar:/home/mmllllyyy/.m2/repository/org/apache/xmlgraphics/xmlgraphics-commons/2.6/xmlgraphics-commons-2.6.jar:/home/mmllllyyy/.m2/repository/org/apache/xmlgraphics/batik-bridge/1.14/batik-bridge-1.14.jar:/home/mmllllyyy/.m2/repository/org/apache/xmlgraphics/batik-script/1.14/batik-script-1.14.jar:/home/mmllllyyy/.m2/repository/org/apache/xmlgraphics/batik-dom/1.14/batik-dom-1.14.jar:/home/mmllllyyy/.m2/repository/xalan/xalan/2.7.2/xalan-2.7.2.jar:/home/mmllllyyy/.m2/repository/xalan/serializer/2.7.2/serializer-2.7.2.jar:/home/mmllllyyy/.m2/repository/xml-apis/xml-apis/1.4.01/xml-apis-1.4.01.jar:/home/mmllllyyy/.m2/repository/org/apache/xmlgraphics/batik-gvt/1.14/batik-gvt-1.14.jar:/home/mmllllyyy/.m2/repository/org/apache/xmlgraphics/batik-shared-resources/1.14/batik-shared-resources-1.14.jar:/home/mmllllyyy/.m2/repository/org/apache/xmlgraphics/batik-svggen/1.14/batik-svggen-1.14.jar:/home/mmllllyyy/.m2/repository/org/apache/xmlgraphics/batik-util/1.14/batik-util-1.14.jar:/home/mmllllyyy/.m2/repository/org/apache/xmlgraphics/batik-constants/1.14/batik-constants-1.14.jar:/home/mmllllyyy/.m2/repository/org/apache/xmlgraphics/batik-i18n/1.14/batik-i18n-1.14.jar:/home/mmllllyyy/.m2/repository/org/apache/xmlgraphics/batik-xml/1.14/batik-xml-1.14.jar:/home/mmllllyyy/.m2/repository/xml-apis/xml-apis-ext/1.3.04/xml-apis-ext-1.3.04.jar:/home/mmllllyyy/.m2/repository/org/apache/xmlgraphics/batik-codec/1.14/batik-codec-1.14.jar:/home/mmllllyyy/.m2/repository/org/apache/commons/commons-compress/1.19/commons-compress-1.19.jar:/home/mmllllyyy/.m2/repository/com/alibaba/druid/1.1.21/druid-1.1.21.jar:/home/mmllllyyy/.m2/repository/org/dom4j/dom4j/2.1.3/dom4j-2.1.3.jar:/home/mmllllyyy/.m2/repository/jaxen/jaxen/1.2.0/jaxen-1.2.0.jar:/home/mmllllyyy/.m2/repository/javax/xml/bind/jaxb-api/2.3.0/jaxb-api-2.3.0.jar:/home/mmllllyyy/.m2/repository/com/sun/xml/bind/jaxb-impl/2.3.0/jaxb-impl-2.3.0.jar:/home/mmllllyyy/.m2/repository/com/sun/xml/bind/jaxb-core/2.3.0/jaxb-core-2.3.0.jar:/home/mmllllyyy/.m2/repository/javax/activation/activation/1.1.1/activation-1.1.1.jar:
2023-08-13 10:01:24.062 [main] DEBUG cn.com.chiner.java.Application - sun.cpu.endian = little
2023-08-13 10:01:24.062 [main] DEBUG cn.com.chiner.java.Application - user.home = /home/mmllllyyy
2023-08-13 10:01:24.062 [main] DEBUG cn.com.chiner.java.Application - user.language = en
2023-08-13 10:01:24.062 [main] DEBUG cn.com.chiner.java.Application - java.specification.vendor = Oracle Corporation
2023-08-13 10:01:24.062 [main] DEBUG cn.com.chiner.java.Application - java.version.date = 2023-07-18
2023-08-13 10:01:24.062 [main] DEBUG cn.com.chiner.java.Application - java.home = /usr/lib/jvm/jdk-17.0.8
2023-08-13 10:01:24.062 [main] DEBUG cn.com.chiner.java.Application - file.separator = /
2023-08-13 10:01:24.062 [main] DEBUG cn.com.chiner.java.Application - basedir = /home/mmllllyyy/chiner-java
2023-08-13 10:01:24.062 [main] DEBUG cn.com.chiner.java.Application - java.vm.compressedOopsMode = Zero based
2023-08-13 10:01:24.062 [main] DEBUG cn.com.chiner.java.Application - line.separator = 

2023-08-13 10:01:24.062 [main] DEBUG cn.com.chiner.java.Application - java.specification.name = Java Platform API Specification
2023-08-13 10:01:24.062 [main] DEBUG cn.com.chiner.java.Application - java.vm.specification.vendor = Oracle Corporation
2023-08-13 10:01:24.062 [main] DEBUG cn.com.chiner.java.Application - surefire.real.class.path = /home/mmllllyyy/chiner-java/target/surefire/surefirebooter-20230813100123384_3.jar
2023-08-13 10:01:24.062 [main] DEBUG cn.com.chiner.java.Application - sun.management.compiler = HotSpot 64-Bit Tiered Compilers
2023-08-13 10:01:24.062 [main] DEBUG cn.com.chiner.java.Application - java.runtime.version = 17.0.8+9-LTS-211
2023-08-13 10:01:24.062 [main] DEBUG cn.com.chiner.java.Application - user.name = mmllllyyy
2023-08-13 10:01:24.062 [main] DEBUG cn.com.chiner.java.Application - path.separator = :
2023-08-13 10:01:24.062 [main] DEBUG cn.com.chiner.java.Application - os.version = 5.15.90.1-microsoft-standard-WSL2
2023-08-13 10:01:24.062 [main] DEBUG cn.com.chiner.java.Application - java.runtime.name = Java(TM) SE Runtime Environment
2023-08-13 10:01:24.062 [main] DEBUG cn.com.chiner.java.Application - file.encoding = UTF-8
2023-08-13 10:01:24.062 [main] DEBUG cn.com.chiner.java.Application - java.vm.name = Java HotSpot(TM) 64-Bit Server VM
2023-08-13 10:01:24.063 [main] DEBUG cn.com.chiner.java.Application - localRepository = /home/mmllllyyy/.m2/repository
2023-08-13 10:01:24.063 [main] DEBUG cn.com.chiner.java.Application - java.vendor.url.bug = https://bugreport.java.com/bugreport/
2023-08-13 10:01:24.063 [main] DEBUG cn.com.chiner.java.Application - java.io.tmpdir = /tmp
2023-08-13 10:01:24.063 [main] DEBUG cn.com.chiner.java.Application - java.version = 17.0.8
2023-08-13 10:01:24.063 [main] DEBUG cn.com.chiner.java.Application - user.dir = /home/mmllllyyy/chiner-java
2023-08-13 10:01:24.063 [main] DEBUG cn.com.chiner.java.Application - os.arch = amd64
2023-08-13 10:01:24.063 [main] DEBUG cn.com.chiner.java.Application - java.vm.specification.name = Java Virtual Machine Specification
2023-08-13 10:01:24.063 [main] DEBUG cn.com.chiner.java.Application - native.encoding = UTF-8
2023-08-13 10:01:24.063 [main] DEBUG cn.com.chiner.java.Application - java.library.path = /usr/java/packages/lib:/usr/lib64:/lib64:/lib:/usr/lib
2023-08-13 10:01:24.063 [main] DEBUG cn.com.chiner.java.Application - java.vm.info = mixed mode, sharing
2023-08-13 10:01:24.063 [main] DEBUG cn.com.chiner.java.Application - java.vendor = Oracle Corporation
2023-08-13 10:01:24.063 [main] DEBUG cn.com.chiner.java.Application - java.vm.version = 17.0.8+9-LTS-211
2023-08-13 10:01:24.063 [main] DEBUG cn.com.chiner.java.Application - sun.io.unicode.encoding = UnicodeLittle
2023-08-13 10:01:24.063 [main] DEBUG cn.com.chiner.java.Application - java.class.version = 61.0
2023-08-13 10:01:24.063 [main] DEBUG cn.com.chiner.java.Application - Heap-Max:3976MB
2023-08-13 10:01:24.063 [main] DEBUG cn.com.chiner.java.Application - Heap-Init:250MB
2023-08-13 10:01:24.063 [main] DEBUG cn.com.chiner.java.Application - Heap-Committed:254MB
2023-08-13 10:01:24.063 [main] DEBUG cn.com.chiner.java.Application - Heap-Used:22MB
2023-08-13 10:01:24.063 [main] DEBUG cn.com.chiner.java.Application - init = 262144000(256000K) used = 24051984(23488K) committed = 266338304(260096K) max = 4169138176(4071424K)
2023-08-13 10:01:24.063 [main] DEBUG cn.com.chiner.java.Application - NoHeap-Max:0MB
2023-08-13 10:01:24.063 [main] DEBUG cn.com.chiner.java.Application - NoHeap-Init:7MB
2023-08-13 10:01:24.063 [main] DEBUG cn.com.chiner.java.Application - NoHeap-Committed:29MB
2023-08-13 10:01:24.063 [main] DEBUG cn.com.chiner.java.Application - NoHeap-Used:27MB
2023-08-13 10:01:24.063 [main] INFO  cn.com.chiner.java.Application - ----------------------------------------------------------------------------------------
2023-08-13 10:01:25.143 [main] INFO  cn.com.chiner.java.Application - {
  "status" : "SUCCESS",
  "body" : [ ],
  "properties" : { }
}
2023-08-13 10:01:25.143 [main] ERROR cn.com.chiner.java.Application - 写结果文件出错
java.io.IOException: No such file or directory
	at java.base/java.io.UnixFileSystem.createFileExclusively(Native Method)
	at java.base/java.io.File.createNewFile(File.java:1043)
	at cn.fisok.raw.kit.FileKit.touchFile(FileKit.java:107)
	at cn.com.chiner.java.Application.sendTextOut(Application.java:135)
	at cn.com.chiner.java.Application.main(Application.java:205)
	at cn.com.chiner.dbtype.OracleTest.getTableDDLTest(OracleTest.java:66)
	at java.base/jdk.internal.reflect.NativeMethodAccessorImpl.invoke0(Native Method)
	at java.base/jdk.internal.reflect.NativeMethodAccessorImpl.invoke(NativeMethodAccessorImpl.java:77)
	at java.base/jdk.internal.reflect.DelegatingMethodAccessorImpl.invoke(DelegatingMethodAccessorImpl.java:43)
	at java.base/java.lang.reflect.Method.invoke(Method.java:568)
	at org.junit.runners.model.FrameworkMethod$1.runReflectiveCall(FrameworkMethod.java:50)
	at org.junit.internal.runners.model.ReflectiveCallable.run(ReflectiveCallable.java:12)
	at org.junit.runners.model.FrameworkMethod.invokeExplosively(FrameworkMethod.java:47)
	at org.junit.internal.runners.statements.InvokeMethod.evaluate(InvokeMethod.java:17)
	at org.junit.runners.ParentRunner.runLeaf(ParentRunner.java:325)
	at org.junit.runners.BlockJUnit4ClassRunner.runChild(BlockJUnit4ClassRunner.java:78)
	at org.junit.runners.BlockJUnit4ClassRunner.runChild(BlockJUnit4ClassRunner.java:57)
	at org.junit.runners.ParentRunner$3.run(ParentRunner.java:290)
	at org.junit.runners.ParentRunner$1.schedule(ParentRunner.java:71)
	at org.junit.runners.ParentRunner.runChildren(ParentRunner.java:288)
	at org.junit.runners.ParentRunner.access$000(ParentRunner.java:58)
	at org.junit.runners.ParentRunner$2.evaluate(ParentRunner.java:268)
	at org.junit.runners.ParentRunner.run(ParentRunner.java:363)
	at org.apache.maven.surefire.junit4.JUnit4Provider.execute(JUnit4Provider.java:316)
	at org.apache.maven.surefire.junit4.JUnit4Provider.executeWithRerun(JUnit4Provider.java:240)
	at org.apache.maven.surefire.junit4.JUnit4Provider.executeTestSet(JUnit4Provider.java:214)
	at org.apache.maven.surefire.junit4.JUnit4Provider.invoke(JUnit4Provider.java:155)
	at org.apache.maven.surefire.booter.ForkedBooter.runSuitesInProcess(ForkedBooter.java:385)
	at org.apache.maven.surefire.booter.ForkedBooter.execute(ForkedBooter.java:162)
	at org.apache.maven.surefire.booter.ForkedBooter.run(ForkedBooter.java:507)
	at org.apache.maven.surefire.booter.ForkedBooter.main(ForkedBooter.java:495)
]]></system-out>
  </testcase>
  <testcase name="pingDriverLoadTest" classname="cn.com.chiner.dbtype.OracleTest" time="0.415">
    <system-out><![CDATA[2023-08-13 10:01:25.145 [main] INFO  cn.com.chiner.java.Application - ------------------------------------>>>[执行命令]<<<-------------------------------------
2023-08-13 10:01:25.145 [main] INFO  cn.com.chiner.java.Application - PingLoadDriverClass driver_class_name=oracle.jdbc.driver.OracleDriver url=jdbc:oracle:thin:@g5.mtain.top:30003:ORCL username=UCREDIT password=pNhpE8hn out=/Users/asher/workspace/ws-vekai/siner-java/src/test/resources/out/pdc-3423441062823.json
2023-08-13 10:01:25.145 [main] DEBUG cn.com.chiner.java.Application - java.specification.version = 17
2023-08-13 10:01:25.145 [main] DEBUG cn.com.chiner.java.Application - sun.jnu.encoding = UTF-8
2023-08-13 10:01:25.145 [main] DEBUG cn.com.chiner.java.Application - java.class.path = /home/mmllllyyy/chiner-java/target/test-classes:/home/mmllllyyy/chiner-java/target/classes:/home/mmllllyyy/.m2/repository/com/h2database/h2/1.3.176/h2-1.3.176.jar:/home/mmllllyyy/.m2/repository/mysql/mysql-connector-java/8.0.26/mysql-connector-java-8.0.26.jar:/home/mmllllyyy/.m2/repository/com/google/protobuf/protobuf-java/3.11.4/protobuf-java-3.11.4.jar:/home/mmllllyyy/.m2/repository/com/oracle/database/jdbc/ojdbc8/21.3.0.0/ojdbc8-21.3.0.0.jar:/home/mmllllyyy/.m2/repository/cn/easyproject/orai18n/12.1.0.2.0/orai18n-12.1.0.2.0.jar:/home/mmllllyyy/.m2/repository/com/microsoft/sqlserver/mssql-jdbc/6.2.2.jre8/mssql-jdbc-6.2.2.jre8.jar:/home/mmllllyyy/.m2/repository/org/postgresql/postgresql/42.2.23/postgresql-42.2.23.jar:/home/mmllllyyy/.m2/repository/org/checkerframework/checker-qual/3.5.0/checker-qual-3.5.0.jar:/home/mmllllyyy/.m2/repository/com/ibm/db2/jcc/11.5.5.0/jcc-11.5.5.0.jar:/home/mmllllyyy/.m2/repository/com/dameng/DmJdbcDriver18/8.1.1.193/DmJdbcDriver18-8.1.1.193.jar:/home/mmllllyyy/chiner-java/jdbc/gbasedbtjdbc_3.3.0.jar:/home/mmllllyyy/chiner-java/jdbc/kingbase8-8.6.0.jar:/home/mmllllyyy/.m2/repository/com/aliyun/odps/odps-jdbc/3.2.9/odps-jdbc-3.2.9.jar:/home/mmllllyyy/.m2/repository/com/aliyun/odps/odps-sdk-core/0.36.4-public/odps-sdk-core-0.36.4-public-shaded.jar:/home/mmllllyyy/.m2/repository/com/aliyun/odps/odps-sdk-commons/0.36.4-public/odps-sdk-commons-0.36.4-public.jar:/home/mmllllyyy/.m2/repository/org/aspectj/aspectjrt/1.8.9/aspectjrt-1.8.9.jar:/home/mmllllyyy/.m2/repository/org/codehaus/jackson/jackson-mapper-asl/1.9.13/jackson-mapper-asl-1.9.13.jar:/home/mmllllyyy/.m2/repository/org/codehaus/jackson/jackson-core-asl/1.9.13/jackson-core-asl-1.9.13.jar:/home/mmllllyyy/.m2/repository/com/google/guava/guava/15.0/guava-15.0.jar:/home/mmllllyyy/.m2/repository/net/sourceforge/javacsv/javacsv/2.0/javacsv-2.0.jar:/home/mmllllyyy/.m2/repository/org/xerial/snappy/snappy-java/1.1.1.6/snappy-java-1.1.1.6.jar:/home/mmllllyyy/.m2/repository/javax/mail/mail/1.4.7/mail-1.4.7.jar:/home/mmllllyyy/.m2/repository/stax/stax-api/1.0.1/stax-api-1.0.1.jar:/home/mmllllyyy/.m2/repository/stax/stax/1.2.0/stax-1.2.0.jar:/home/mmllllyyy/.m2/repository/xpp3/xpp3/1.1.3.3/xpp3-1.1.3.3.jar:/home/mmllllyyy/.m2/repository/com/google/code/gson/gson/2.2.4/gson-2.2.4.jar:/home/mmllllyyy/.m2/repository/commons-lang/commons-lang/2.6/commons-lang-2.6.jar:/home/mmllllyyy/.m2/repository/org/xerial/sqlite-jdbc/3.36.0.3/sqlite-jdbc-3.36.0.3.jar:/home/mmllllyyy/.m2/repository/commons-codec/commons-codec/1.11/commons-codec-1.11.jar:/home/mmllllyyy/.m2/repository/junit/junit/4.12/junit-4.12.jar:/home/mmllllyyy/.m2/repository/org/hamcrest/hamcrest-core/1.3/hamcrest-core-1.3.jar:/home/mmllllyyy/.m2/repository/commons-io/commons-io/2.5/commons-io-2.5.jar:/home/mmllllyyy/.m2/repository/commons-jxpath/commons-jxpath/1.3/commons-jxpath-1.3.jar:/home/mmllllyyy/.m2/repository/org/slf4j/slf4j-api/1.7.9/slf4j-api-1.7.9.jar:/home/mmllllyyy/.m2/repository/ch/qos/logback/logback-classic/1.2.1/logback-classic-1.2.1.jar:/home/mmllllyyy/.m2/repository/ch/qos/logback/logback-core/1.2.1/logback-core-1.2.1.jar:/home/mmllllyyy/.m2/repository/commons-beanutils/commons-beanutils/1.9.3/commons-beanutils-1.9.3.jar:/home/mmllllyyy/.m2/repository/commons-logging/commons-logging/1.2/commons-logging-1.2.jar:/home/mmllllyyy/.m2/repository/commons-collections/commons-collections/3.2.2/commons-collections-3.2.2.jar:/home/mmllllyyy/.m2/repository/org/apache/commons/commons-lang3/3.5/commons-lang3-3.5.jar:/home/mmllllyyy/.m2/repository/joda-time/joda-time/2.9.9/joda-time-2.9.9.jar:/home/mmllllyyy/.m2/repository/com/fasterxml/jackson/core/jackson-databind/2.9.6/jackson-databind-2.9.6.jar:/home/mmllllyyy/.m2/repository/com/fasterxml/jackson/core/jackson-annotations/2.9.0/jackson-annotations-2.9.0.jar:/home/mmllllyyy/.m2/repository/com/fasterxml/jackson/core/jackson-core/2.9.6/jackson-core-2.9.6.jar:/home/mmllllyyy/.m2/repository/com/fasterxml/jackson/datatype/jackson-datatype-jsr310/2.9.6/jackson-datatype-jsr310-2.9.6.jar:/home/mmllllyyy/.m2/repository/com/deepoove/poi-tl/1.10.0/poi-tl-1.10.0.jar:/home/mmllllyyy/.m2/repository/org/apache/poi/poi-ooxml/4.1.2/poi-ooxml-4.1.2.jar:/home/mmllllyyy/.m2/repository/org/apache/poi/poi-ooxml-schemas/4.1.2/poi-ooxml-schemas-4.1.2.jar:/home/mmllllyyy/.m2/repository/org/apache/xmlbeans/xmlbeans/3.1.0/xmlbeans-3.1.0.jar:/home/mmllllyyy/.m2/repository/com/github/virtuald/curvesapi/1.06/curvesapi-1.06.jar:/home/mmllllyyy/.m2/repository/org/apache/poi/poi/4.1.2/poi-4.1.2.jar:/home/mmllllyyy/.m2/repository/org/apache/commons/commons-collections4/4.4/commons-collections4-4.4.jar:/home/mmllllyyy/.m2/repository/org/apache/commons/commons-math3/3.6.1/commons-math3-3.6.1.jar:/home/mmllllyyy/.m2/repository/com/zaxxer/SparseBitSet/1.2/SparseBitSet-1.2.jar:/home/mmllllyyy/.m2/repository/com/deepoove/poi-ooxml-schemas-extra/4.1.2/poi-ooxml-schemas-extra-4.1.2.jar:/home/mmllllyyy/.m2/repository/org/apache/xmlgraphics/batik-transcoder/1.14/batik-transcoder-1.14.jar:/home/mmllllyyy/.m2/repository/org/apache/xmlgraphics/batik-anim/1.14/batik-anim-1.14.jar:/home/mmllllyyy/.m2/repository/org/apache/xmlgraphics/batik-css/1.14/batik-css-1.14.jar:/home/mmllllyyy/.m2/repository/org/apache/xmlgraphics/batik-ext/1.14/batik-ext-1.14.jar:/home/mmllllyyy/.m2/repository/org/apache/xmlgraphics/batik-parser/1.14/batik-parser-1.14.jar:/home/mmllllyyy/.m2/repository/org/apache/xmlgraphics/batik-svg-dom/1.14/batik-svg-dom-1.14.jar:/home/mmllllyyy/.m2/repository/org/apache/xmlgraphics/batik-awt-util/1.14/batik-awt-util-1.14.jar:/home/mmllllyyy/.m2/repository/org/apache/xmlgraphics/xmlgraphics-commons/2.6/xmlgraphics-commons-2.6.jar:/home/mmllllyyy/.m2/repository/org/apache/xmlgraphics/batik-bridge/1.14/batik-bridge-1.14.jar:/home/mmllllyyy/.m2/repository/org/apache/xmlgraphics/batik-script/1.14/batik-script-1.14.jar:/home/mmllllyyy/.m2/repository/org/apache/xmlgraphics/batik-dom/1.14/batik-dom-1.14.jar:/home/mmllllyyy/.m2/repository/xalan/xalan/2.7.2/xalan-2.7.2.jar:/home/mmllllyyy/.m2/repository/xalan/serializer/2.7.2/serializer-2.7.2.jar:/home/mmllllyyy/.m2/repository/xml-apis/xml-apis/1.4.01/xml-apis-1.4.01.jar:/home/mmllllyyy/.m2/repository/org/apache/xmlgraphics/batik-gvt/1.14/batik-gvt-1.14.jar:/home/mmllllyyy/.m2/repository/org/apache/xmlgraphics/batik-shared-resources/1.14/batik-shared-resources-1.14.jar:/home/mmllllyyy/.m2/repository/org/apache/xmlgraphics/batik-svggen/1.14/batik-svggen-1.14.jar:/home/mmllllyyy/.m2/repository/org/apache/xmlgraphics/batik-util/1.14/batik-util-1.14.jar:/home/mmllllyyy/.m2/repository/org/apache/xmlgraphics/batik-constants/1.14/batik-constants-1.14.jar:/home/mmllllyyy/.m2/repository/org/apache/xmlgraphics/batik-i18n/1.14/batik-i18n-1.14.jar:/home/mmllllyyy/.m2/repository/org/apache/xmlgraphics/batik-xml/1.14/batik-xml-1.14.jar:/home/mmllllyyy/.m2/repository/xml-apis/xml-apis-ext/1.3.04/xml-apis-ext-1.3.04.jar:/home/mmllllyyy/.m2/repository/org/apache/xmlgraphics/batik-codec/1.14/batik-codec-1.14.jar:/home/mmllllyyy/.m2/repository/org/apache/commons/commons-compress/1.19/commons-compress-1.19.jar:/home/mmllllyyy/.m2/repository/com/alibaba/druid/1.1.21/druid-1.1.21.jar:/home/mmllllyyy/.m2/repository/org/dom4j/dom4j/2.1.3/dom4j-2.1.3.jar:/home/mmllllyyy/.m2/repository/jaxen/jaxen/1.2.0/jaxen-1.2.0.jar:/home/mmllllyyy/.m2/repository/javax/xml/bind/jaxb-api/2.3.0/jaxb-api-2.3.0.jar:/home/mmllllyyy/.m2/repository/com/sun/xml/bind/jaxb-impl/2.3.0/jaxb-impl-2.3.0.jar:/home/mmllllyyy/.m2/repository/com/sun/xml/bind/jaxb-core/2.3.0/jaxb-core-2.3.0.jar:/home/mmllllyyy/.m2/repository/javax/activation/activation/1.1.1/activation-1.1.1.jar:
2023-08-13 10:01:25.145 [main] DEBUG cn.com.chiner.java.Application - java.vm.vendor = Oracle Corporation
2023-08-13 10:01:25.145 [main] DEBUG cn.com.chiner.java.Application - sun.arch.data.model = 64
2023-08-13 10:01:25.145 [main] DEBUG cn.com.chiner.java.Application - java.vendor.url = https://java.oracle.com/
2023-08-13 10:01:25.145 [main] DEBUG cn.com.chiner.java.Application - user.timezone = Asia/Shanghai
2023-08-13 10:01:25.145 [main] DEBUG cn.com.chiner.java.Application - java.vm.specification.version = 17
2023-08-13 10:01:25.145 [main] DEBUG cn.com.chiner.java.Application - os.name = Linux
2023-08-13 10:01:25.145 [main] DEBUG cn.com.chiner.java.Application - sun.java.launcher = SUN_STANDARD
2023-08-13 10:01:25.145 [main] DEBUG cn.com.chiner.java.Application - sun.boot.library.path = /usr/lib/jvm/jdk-17.0.8/lib
2023-08-13 10:01:25.145 [main] DEBUG cn.com.chiner.java.Application - sun.java.command = /home/mmllllyyy/chiner-java/target/surefire/surefirebooter-20230813100123384_3.jar /home/mmllllyyy/chiner-java/target/surefire 2023-08-13T10-01-23_333-jvmRun1 surefire-20230813100123384_1tmp surefire_0-20230813100123384_2tmp
2023-08-13 10:01:25.145 [main] DEBUG cn.com.chiner.java.Application - jdk.debug = release
2023-08-13 10:01:25.145 [main] DEBUG cn.com.chiner.java.Application - surefire.test.class.path = /home/mmllllyyy/chiner-java/target/test-classes:/home/mmllllyyy/chiner-java/target/classes:/home/mmllllyyy/.m2/repository/com/h2database/h2/1.3.176/h2-1.3.176.jar:/home/mmllllyyy/.m2/repository/mysql/mysql-connector-java/8.0.26/mysql-connector-java-8.0.26.jar:/home/mmllllyyy/.m2/repository/com/google/protobuf/protobuf-java/3.11.4/protobuf-java-3.11.4.jar:/home/mmllllyyy/.m2/repository/com/oracle/database/jdbc/ojdbc8/21.3.0.0/ojdbc8-21.3.0.0.jar:/home/mmllllyyy/.m2/repository/cn/easyproject/orai18n/12.1.0.2.0/orai18n-12.1.0.2.0.jar:/home/mmllllyyy/.m2/repository/com/microsoft/sqlserver/mssql-jdbc/6.2.2.jre8/mssql-jdbc-6.2.2.jre8.jar:/home/mmllllyyy/.m2/repository/org/postgresql/postgresql/42.2.23/postgresql-42.2.23.jar:/home/mmllllyyy/.m2/repository/org/checkerframework/checker-qual/3.5.0/checker-qual-3.5.0.jar:/home/mmllllyyy/.m2/repository/com/ibm/db2/jcc/11.5.5.0/jcc-11.5.5.0.jar:/home/mmllllyyy/.m2/repository/com/dameng/DmJdbcDriver18/8.1.1.193/DmJdbcDriver18-8.1.1.193.jar:/home/mmllllyyy/chiner-java/jdbc/gbasedbtjdbc_3.3.0.jar:/home/mmllllyyy/chiner-java/jdbc/kingbase8-8.6.0.jar:/home/mmllllyyy/.m2/repository/com/aliyun/odps/odps-jdbc/3.2.9/odps-jdbc-3.2.9.jar:/home/mmllllyyy/.m2/repository/com/aliyun/odps/odps-sdk-core/0.36.4-public/odps-sdk-core-0.36.4-public-shaded.jar:/home/mmllllyyy/.m2/repository/com/aliyun/odps/odps-sdk-commons/0.36.4-public/odps-sdk-commons-0.36.4-public.jar:/home/mmllllyyy/.m2/repository/org/aspectj/aspectjrt/1.8.9/aspectjrt-1.8.9.jar:/home/mmllllyyy/.m2/repository/org/codehaus/jackson/jackson-mapper-asl/1.9.13/jackson-mapper-asl-1.9.13.jar:/home/mmllllyyy/.m2/repository/org/codehaus/jackson/jackson-core-asl/1.9.13/jackson-core-asl-1.9.13.jar:/home/mmllllyyy/.m2/repository/com/google/guava/guava/15.0/guava-15.0.jar:/home/mmllllyyy/.m2/repository/net/sourceforge/javacsv/javacsv/2.0/javacsv-2.0.jar:/home/mmllllyyy/.m2/repository/org/xerial/snappy/snappy-java/1.1.1.6/snappy-java-1.1.1.6.jar:/home/mmllllyyy/.m2/repository/javax/mail/mail/1.4.7/mail-1.4.7.jar:/home/mmllllyyy/.m2/repository/stax/stax-api/1.0.1/stax-api-1.0.1.jar:/home/mmllllyyy/.m2/repository/stax/stax/1.2.0/stax-1.2.0.jar:/home/mmllllyyy/.m2/repository/xpp3/xpp3/1.1.3.3/xpp3-1.1.3.3.jar:/home/mmllllyyy/.m2/repository/com/google/code/gson/gson/2.2.4/gson-2.2.4.jar:/home/mmllllyyy/.m2/repository/commons-lang/commons-lang/2.6/commons-lang-2.6.jar:/home/mmllllyyy/.m2/repository/org/xerial/sqlite-jdbc/3.36.0.3/sqlite-jdbc-3.36.0.3.jar:/home/mmllllyyy/.m2/repository/commons-codec/commons-codec/1.11/commons-codec-1.11.jar:/home/mmllllyyy/.m2/repository/junit/junit/4.12/junit-4.12.jar:/home/mmllllyyy/.m2/repository/org/hamcrest/hamcrest-core/1.3/hamcrest-core-1.3.jar:/home/mmllllyyy/.m2/repository/commons-io/commons-io/2.5/commons-io-2.5.jar:/home/mmllllyyy/.m2/repository/commons-jxpath/commons-jxpath/1.3/commons-jxpath-1.3.jar:/home/mmllllyyy/.m2/repository/org/slf4j/slf4j-api/1.7.9/slf4j-api-1.7.9.jar:/home/mmllllyyy/.m2/repository/ch/qos/logback/logback-classic/1.2.1/logback-classic-1.2.1.jar:/home/mmllllyyy/.m2/repository/ch/qos/logback/logback-core/1.2.1/logback-core-1.2.1.jar:/home/mmllllyyy/.m2/repository/commons-beanutils/commons-beanutils/1.9.3/commons-beanutils-1.9.3.jar:/home/mmllllyyy/.m2/repository/commons-logging/commons-logging/1.2/commons-logging-1.2.jar:/home/mmllllyyy/.m2/repository/commons-collections/commons-collections/3.2.2/commons-collections-3.2.2.jar:/home/mmllllyyy/.m2/repository/org/apache/commons/commons-lang3/3.5/commons-lang3-3.5.jar:/home/mmllllyyy/.m2/repository/joda-time/joda-time/2.9.9/joda-time-2.9.9.jar:/home/mmllllyyy/.m2/repository/com/fasterxml/jackson/core/jackson-databind/2.9.6/jackson-databind-2.9.6.jar:/home/mmllllyyy/.m2/repository/com/fasterxml/jackson/core/jackson-annotations/2.9.0/jackson-annotations-2.9.0.jar:/home/mmllllyyy/.m2/repository/com/fasterxml/jackson/core/jackson-core/2.9.6/jackson-core-2.9.6.jar:/home/mmllllyyy/.m2/repository/com/fasterxml/jackson/datatype/jackson-datatype-jsr310/2.9.6/jackson-datatype-jsr310-2.9.6.jar:/home/mmllllyyy/.m2/repository/com/deepoove/poi-tl/1.10.0/poi-tl-1.10.0.jar:/home/mmllllyyy/.m2/repository/org/apache/poi/poi-ooxml/4.1.2/poi-ooxml-4.1.2.jar:/home/mmllllyyy/.m2/repository/org/apache/poi/poi-ooxml-schemas/4.1.2/poi-ooxml-schemas-4.1.2.jar:/home/mmllllyyy/.m2/repository/org/apache/xmlbeans/xmlbeans/3.1.0/xmlbeans-3.1.0.jar:/home/mmllllyyy/.m2/repository/com/github/virtuald/curvesapi/1.06/curvesapi-1.06.jar:/home/mmllllyyy/.m2/repository/org/apache/poi/poi/4.1.2/poi-4.1.2.jar:/home/mmllllyyy/.m2/repository/org/apache/commons/commons-collections4/4.4/commons-collections4-4.4.jar:/home/mmllllyyy/.m2/repository/org/apache/commons/commons-math3/3.6.1/commons-math3-3.6.1.jar:/home/mmllllyyy/.m2/repository/com/zaxxer/SparseBitSet/1.2/SparseBitSet-1.2.jar:/home/mmllllyyy/.m2/repository/com/deepoove/poi-ooxml-schemas-extra/4.1.2/poi-ooxml-schemas-extra-4.1.2.jar:/home/mmllllyyy/.m2/repository/org/apache/xmlgraphics/batik-transcoder/1.14/batik-transcoder-1.14.jar:/home/mmllllyyy/.m2/repository/org/apache/xmlgraphics/batik-anim/1.14/batik-anim-1.14.jar:/home/mmllllyyy/.m2/repository/org/apache/xmlgraphics/batik-css/1.14/batik-css-1.14.jar:/home/mmllllyyy/.m2/repository/org/apache/xmlgraphics/batik-ext/1.14/batik-ext-1.14.jar:/home/mmllllyyy/.m2/repository/org/apache/xmlgraphics/batik-parser/1.14/batik-parser-1.14.jar:/home/mmllllyyy/.m2/repository/org/apache/xmlgraphics/batik-svg-dom/1.14/batik-svg-dom-1.14.jar:/home/mmllllyyy/.m2/repository/org/apache/xmlgraphics/batik-awt-util/1.14/batik-awt-util-1.14.jar:/home/mmllllyyy/.m2/repository/org/apache/xmlgraphics/xmlgraphics-commons/2.6/xmlgraphics-commons-2.6.jar:/home/mmllllyyy/.m2/repository/org/apache/xmlgraphics/batik-bridge/1.14/batik-bridge-1.14.jar:/home/mmllllyyy/.m2/repository/org/apache/xmlgraphics/batik-script/1.14/batik-script-1.14.jar:/home/mmllllyyy/.m2/repository/org/apache/xmlgraphics/batik-dom/1.14/batik-dom-1.14.jar:/home/mmllllyyy/.m2/repository/xalan/xalan/2.7.2/xalan-2.7.2.jar:/home/mmllllyyy/.m2/repository/xalan/serializer/2.7.2/serializer-2.7.2.jar:/home/mmllllyyy/.m2/repository/xml-apis/xml-apis/1.4.01/xml-apis-1.4.01.jar:/home/mmllllyyy/.m2/repository/org/apache/xmlgraphics/batik-gvt/1.14/batik-gvt-1.14.jar:/home/mmllllyyy/.m2/repository/org/apache/xmlgraphics/batik-shared-resources/1.14/batik-shared-resources-1.14.jar:/home/mmllllyyy/.m2/repository/org/apache/xmlgraphics/batik-svggen/1.14/batik-svggen-1.14.jar:/home/mmllllyyy/.m2/repository/org/apache/xmlgraphics/batik-util/1.14/batik-util-1.14.jar:/home/mmllllyyy/.m2/repository/org/apache/xmlgraphics/batik-constants/1.14/batik-constants-1.14.jar:/home/mmllllyyy/.m2/repository/org/apache/xmlgraphics/batik-i18n/1.14/batik-i18n-1.14.jar:/home/mmllllyyy/.m2/repository/org/apache/xmlgraphics/batik-xml/1.14/batik-xml-1.14.jar:/home/mmllllyyy/.m2/repository/xml-apis/xml-apis-ext/1.3.04/xml-apis-ext-1.3.04.jar:/home/mmllllyyy/.m2/repository/org/apache/xmlgraphics/batik-codec/1.14/batik-codec-1.14.jar:/home/mmllllyyy/.m2/repository/org/apache/commons/commons-compress/1.19/commons-compress-1.19.jar:/home/mmllllyyy/.m2/repository/com/alibaba/druid/1.1.21/druid-1.1.21.jar:/home/mmllllyyy/.m2/repository/org/dom4j/dom4j/2.1.3/dom4j-2.1.3.jar:/home/mmllllyyy/.m2/repository/jaxen/jaxen/1.2.0/jaxen-1.2.0.jar:/home/mmllllyyy/.m2/repository/javax/xml/bind/jaxb-api/2.3.0/jaxb-api-2.3.0.jar:/home/mmllllyyy/.m2/repository/com/sun/xml/bind/jaxb-impl/2.3.0/jaxb-impl-2.3.0.jar:/home/mmllllyyy/.m2/repository/com/sun/xml/bind/jaxb-core/2.3.0/jaxb-core-2.3.0.jar:/home/mmllllyyy/.m2/repository/javax/activation/activation/1.1.1/activation-1.1.1.jar:
2023-08-13 10:01:25.145 [main] DEBUG cn.com.chiner.java.Application - sun.cpu.endian = little
2023-08-13 10:01:25.145 [main] DEBUG cn.com.chiner.java.Application - user.home = /home/mmllllyyy
2023-08-13 10:01:25.145 [main] DEBUG cn.com.chiner.java.Application - user.language = en
2023-08-13 10:01:25.145 [main] DEBUG cn.com.chiner.java.Application - java.specification.vendor = Oracle Corporation
2023-08-13 10:01:25.145 [main] DEBUG cn.com.chiner.java.Application - java.version.date = 2023-07-18
2023-08-13 10:01:25.145 [main] DEBUG cn.com.chiner.java.Application - java.home = /usr/lib/jvm/jdk-17.0.8
2023-08-13 10:01:25.145 [main] DEBUG cn.com.chiner.java.Application - file.separator = /
2023-08-13 10:01:25.145 [main] DEBUG cn.com.chiner.java.Application - basedir = /home/mmllllyyy/chiner-java
2023-08-13 10:01:25.145 [main] DEBUG cn.com.chiner.java.Application - java.vm.compressedOopsMode = Zero based
2023-08-13 10:01:25.145 [main] DEBUG cn.com.chiner.java.Application - line.separator = 

2023-08-13 10:01:25.145 [main] DEBUG cn.com.chiner.java.Application - java.specification.name = Java Platform API Specification
2023-08-13 10:01:25.145 [main] DEBUG cn.com.chiner.java.Application - java.vm.specification.vendor = Oracle Corporation
2023-08-13 10:01:25.145 [main] DEBUG cn.com.chiner.java.Application - surefire.real.class.path = /home/mmllllyyy/chiner-java/target/surefire/surefirebooter-20230813100123384_3.jar
2023-08-13 10:01:25.145 [main] DEBUG cn.com.chiner.java.Application - sun.management.compiler = HotSpot 64-Bit Tiered Compilers
2023-08-13 10:01:25.145 [main] DEBUG cn.com.chiner.java.Application - java.runtime.version = 17.0.8+9-LTS-211
2023-08-13 10:01:25.145 [main] DEBUG cn.com.chiner.java.Application - user.name = mmllllyyy
2023-08-13 10:01:25.145 [main] DEBUG cn.com.chiner.java.Application - path.separator = :
2023-08-13 10:01:25.145 [main] DEBUG cn.com.chiner.java.Application - os.version = 5.15.90.1-microsoft-standard-WSL2
2023-08-13 10:01:25.145 [main] DEBUG cn.com.chiner.java.Application - java.runtime.name = Java(TM) SE Runtime Environment
2023-08-13 10:01:25.145 [main] DEBUG cn.com.chiner.java.Application - file.encoding = UTF-8
2023-08-13 10:01:25.145 [main] DEBUG cn.com.chiner.java.Application - java.vm.name = Java HotSpot(TM) 64-Bit Server VM
2023-08-13 10:01:25.145 [main] DEBUG cn.com.chiner.java.Application - localRepository = /home/mmllllyyy/.m2/repository
2023-08-13 10:01:25.145 [main] DEBUG cn.com.chiner.java.Application - java.vendor.url.bug = https://bugreport.java.com/bugreport/
2023-08-13 10:01:25.145 [main] DEBUG cn.com.chiner.java.Application - java.io.tmpdir = /tmp
2023-08-13 10:01:25.145 [main] DEBUG cn.com.chiner.java.Application - java.version = 17.0.8
2023-08-13 10:01:25.145 [main] DEBUG cn.com.chiner.java.Application - user.dir = /home/mmllllyyy/chiner-java
2023-08-13 10:01:25.145 [main] DEBUG cn.com.chiner.java.Application - os.arch = amd64
2023-08-13 10:01:25.145 [main] DEBUG cn.com.chiner.java.Application - java.vm.specification.name = Java Virtual Machine Specification
2023-08-13 10:01:25.145 [main] DEBUG cn.com.chiner.java.Application - native.encoding = UTF-8
2023-08-13 10:01:25.145 [main] DEBUG cn.com.chiner.java.Application - java.library.path = /usr/java/packages/lib:/usr/lib64:/lib64:/lib:/usr/lib
2023-08-13 10:01:25.145 [main] DEBUG cn.com.chiner.java.Application - java.vm.info = mixed mode, sharing
2023-08-13 10:01:25.145 [main] DEBUG cn.com.chiner.java.Application - java.vendor = Oracle Corporation
2023-08-13 10:01:25.145 [main] DEBUG cn.com.chiner.java.Application - java.vm.version = 17.0.8+9-LTS-211
2023-08-13 10:01:25.145 [main] DEBUG cn.com.chiner.java.Application - sun.io.unicode.encoding = UnicodeLittle
2023-08-13 10:01:25.145 [main] DEBUG cn.com.chiner.java.Application - java.class.version = 61.0
2023-08-13 10:01:25.145 [main] DEBUG cn.com.chiner.java.Application - Heap-Max:3976MB
2023-08-13 10:01:25.145 [main] DEBUG cn.com.chiner.java.Application - Heap-Init:250MB
2023-08-13 10:01:25.145 [main] DEBUG cn.com.chiner.java.Application - Heap-Committed:68MB
2023-08-13 10:01:25.145 [main] DEBUG cn.com.chiner.java.Application - Heap-Used:27MB
2023-08-13 10:01:25.145 [main] DEBUG cn.com.chiner.java.Application - init = 262144000(256000K) used = 28801896(28126K) committed = 71303168(69632K) max = 4169138176(4071424K)
2023-08-13 10:01:25.145 [main] DEBUG cn.com.chiner.java.Application - NoHeap-Max:0MB
2023-08-13 10:01:25.145 [main] DEBUG cn.com.chiner.java.Application - NoHeap-Init:7MB
2023-08-13 10:01:25.145 [main] DEBUG cn.com.chiner.java.Application - NoHeap-Committed:38MB
2023-08-13 10:01:25.145 [main] DEBUG cn.com.chiner.java.Application - NoHeap-Used:36MB
2023-08-13 10:01:25.145 [main] INFO  cn.com.chiner.java.Application - ----------------------------------------------------------------------------------------
2023-08-13 10:01:25.559 [main] INFO  cn.com.chiner.java.Application - {
  "status" : "SUCCESS",
  "body" : "连接成功",
  "properties" : { }
}
2023-08-13 10:01:25.559 [main] ERROR cn.com.chiner.java.Application - 写结果文件出错
java.io.IOException: No such file or directory
	at java.base/java.io.UnixFileSystem.createFileExclusively(Native Method)
	at java.base/java.io.File.createNewFile(File.java:1043)
	at cn.fisok.raw.kit.FileKit.touchFile(FileKit.java:107)
	at cn.com.chiner.java.Application.sendTextOut(Application.java:135)
	at cn.com.chiner.java.Application.main(Application.java:205)
	at cn.com.chiner.dbtype.OracleTest.pingDriverLoadTest(OracleTest.java:37)
	at java.base/jdk.internal.reflect.NativeMethodAccessorImpl.invoke0(Native Method)
	at java.base/jdk.internal.reflect.NativeMethodAccessorImpl.invoke(NativeMethodAccessorImpl.java:77)
	at java.base/jdk.internal.reflect.DelegatingMethodAccessorImpl.invoke(DelegatingMethodAccessorImpl.java:43)
	at java.base/java.lang.reflect.Method.invoke(Method.java:568)
	at org.junit.runners.model.FrameworkMethod$1.runReflectiveCall(FrameworkMethod.java:50)
	at org.junit.internal.runners.model.ReflectiveCallable.run(ReflectiveCallable.java:12)
	at org.junit.runners.model.FrameworkMethod.invokeExplosively(FrameworkMethod.java:47)
	at org.junit.internal.runners.statements.InvokeMethod.evaluate(InvokeMethod.java:17)
	at org.junit.runners.ParentRunner.runLeaf(ParentRunner.java:325)
	at org.junit.runners.BlockJUnit4ClassRunner.runChild(BlockJUnit4ClassRunner.java:78)
	at org.junit.runners.BlockJUnit4ClassRunner.runChild(BlockJUnit4ClassRunner.java:57)
	at org.junit.runners.ParentRunner$3.run(ParentRunner.java:290)
	at org.junit.runners.ParentRunner$1.schedule(ParentRunner.java:71)
	at org.junit.runners.ParentRunner.runChildren(ParentRunner.java:288)
	at org.junit.runners.ParentRunner.access$000(ParentRunner.java:58)
	at org.junit.runners.ParentRunner$2.evaluate(ParentRunner.java:268)
	at org.junit.runners.ParentRunner.run(ParentRunner.java:363)
	at org.apache.maven.surefire.junit4.JUnit4Provider.execute(JUnit4Provider.java:316)
	at org.apache.maven.surefire.junit4.JUnit4Provider.executeWithRerun(JUnit4Provider.java:240)
	at org.apache.maven.surefire.junit4.JUnit4Provider.executeTestSet(JUnit4Provider.java:214)
	at org.apache.maven.surefire.junit4.JUnit4Provider.invoke(JUnit4Provider.java:155)
	at org.apache.maven.surefire.booter.ForkedBooter.runSuitesInProcess(ForkedBooter.java:385)
	at org.apache.maven.surefire.booter.ForkedBooter.execute(ForkedBooter.java:162)
	at org.apache.maven.surefire.booter.ForkedBooter.run(ForkedBooter.java:507)
	at org.apache.maven.surefire.booter.ForkedBooter.main(ForkedBooter.java:495)
]]></system-out>
  </testcase>
  <testcase name="listTableTest" classname="cn.com.chiner.dbtype.OracleTest" time="3.591">
    <system-out><![CDATA[2023-08-13 10:01:25.560 [main] INFO  cn.com.chiner.java.Application - ------------------------------------>>>[执行命令]<<<-------------------------------------
2023-08-13 10:01:25.560 [main] INFO  cn.com.chiner.java.Application - DBReverseGetAllTablesList driver_class_name=oracle.jdbc.driver.OracleDriver url=jdbc:oracle:thin:@g5.mtain.top:30003:ORCL username=UCREDIT password=pNhpE8hn out=/Users/asher/workspace/ws-vekai/siner-java/src/test/resources/out/dbrgatl-3423856629654.json
2023-08-13 10:01:25.560 [main] DEBUG cn.com.chiner.java.Application - java.specification.version = 17
2023-08-13 10:01:25.560 [main] DEBUG cn.com.chiner.java.Application - sun.jnu.encoding = UTF-8
2023-08-13 10:01:25.560 [main] DEBUG cn.com.chiner.java.Application - java.class.path = /home/mmllllyyy/chiner-java/target/test-classes:/home/mmllllyyy/chiner-java/target/classes:/home/mmllllyyy/.m2/repository/com/h2database/h2/1.3.176/h2-1.3.176.jar:/home/mmllllyyy/.m2/repository/mysql/mysql-connector-java/8.0.26/mysql-connector-java-8.0.26.jar:/home/mmllllyyy/.m2/repository/com/google/protobuf/protobuf-java/3.11.4/protobuf-java-3.11.4.jar:/home/mmllllyyy/.m2/repository/com/oracle/database/jdbc/ojdbc8/21.3.0.0/ojdbc8-21.3.0.0.jar:/home/mmllllyyy/.m2/repository/cn/easyproject/orai18n/12.1.0.2.0/orai18n-12.1.0.2.0.jar:/home/mmllllyyy/.m2/repository/com/microsoft/sqlserver/mssql-jdbc/6.2.2.jre8/mssql-jdbc-6.2.2.jre8.jar:/home/mmllllyyy/.m2/repository/org/postgresql/postgresql/42.2.23/postgresql-42.2.23.jar:/home/mmllllyyy/.m2/repository/org/checkerframework/checker-qual/3.5.0/checker-qual-3.5.0.jar:/home/mmllllyyy/.m2/repository/com/ibm/db2/jcc/11.5.5.0/jcc-11.5.5.0.jar:/home/mmllllyyy/.m2/repository/com/dameng/DmJdbcDriver18/8.1.1.193/DmJdbcDriver18-8.1.1.193.jar:/home/mmllllyyy/chiner-java/jdbc/gbasedbtjdbc_3.3.0.jar:/home/mmllllyyy/chiner-java/jdbc/kingbase8-8.6.0.jar:/home/mmllllyyy/.m2/repository/com/aliyun/odps/odps-jdbc/3.2.9/odps-jdbc-3.2.9.jar:/home/mmllllyyy/.m2/repository/com/aliyun/odps/odps-sdk-core/0.36.4-public/odps-sdk-core-0.36.4-public-shaded.jar:/home/mmllllyyy/.m2/repository/com/aliyun/odps/odps-sdk-commons/0.36.4-public/odps-sdk-commons-0.36.4-public.jar:/home/mmllllyyy/.m2/repository/org/aspectj/aspectjrt/1.8.9/aspectjrt-1.8.9.jar:/home/mmllllyyy/.m2/repository/org/codehaus/jackson/jackson-mapper-asl/1.9.13/jackson-mapper-asl-1.9.13.jar:/home/mmllllyyy/.m2/repository/org/codehaus/jackson/jackson-core-asl/1.9.13/jackson-core-asl-1.9.13.jar:/home/mmllllyyy/.m2/repository/com/google/guava/guava/15.0/guava-15.0.jar:/home/mmllllyyy/.m2/repository/net/sourceforge/javacsv/javacsv/2.0/javacsv-2.0.jar:/home/mmllllyyy/.m2/repository/org/xerial/snappy/snappy-java/1.1.1.6/snappy-java-1.1.1.6.jar:/home/mmllllyyy/.m2/repository/javax/mail/mail/1.4.7/mail-1.4.7.jar:/home/mmllllyyy/.m2/repository/stax/stax-api/1.0.1/stax-api-1.0.1.jar:/home/mmllllyyy/.m2/repository/stax/stax/1.2.0/stax-1.2.0.jar:/home/mmllllyyy/.m2/repository/xpp3/xpp3/1.1.3.3/xpp3-1.1.3.3.jar:/home/mmllllyyy/.m2/repository/com/google/code/gson/gson/2.2.4/gson-2.2.4.jar:/home/mmllllyyy/.m2/repository/commons-lang/commons-lang/2.6/commons-lang-2.6.jar:/home/mmllllyyy/.m2/repository/org/xerial/sqlite-jdbc/3.36.0.3/sqlite-jdbc-3.36.0.3.jar:/home/mmllllyyy/.m2/repository/commons-codec/commons-codec/1.11/commons-codec-1.11.jar:/home/mmllllyyy/.m2/repository/junit/junit/4.12/junit-4.12.jar:/home/mmllllyyy/.m2/repository/org/hamcrest/hamcrest-core/1.3/hamcrest-core-1.3.jar:/home/mmllllyyy/.m2/repository/commons-io/commons-io/2.5/commons-io-2.5.jar:/home/mmllllyyy/.m2/repository/commons-jxpath/commons-jxpath/1.3/commons-jxpath-1.3.jar:/home/mmllllyyy/.m2/repository/org/slf4j/slf4j-api/1.7.9/slf4j-api-1.7.9.jar:/home/mmllllyyy/.m2/repository/ch/qos/logback/logback-classic/1.2.1/logback-classic-1.2.1.jar:/home/mmllllyyy/.m2/repository/ch/qos/logback/logback-core/1.2.1/logback-core-1.2.1.jar:/home/mmllllyyy/.m2/repository/commons-beanutils/commons-beanutils/1.9.3/commons-beanutils-1.9.3.jar:/home/mmllllyyy/.m2/repository/commons-logging/commons-logging/1.2/commons-logging-1.2.jar:/home/mmllllyyy/.m2/repository/commons-collections/commons-collections/3.2.2/commons-collections-3.2.2.jar:/home/mmllllyyy/.m2/repository/org/apache/commons/commons-lang3/3.5/commons-lang3-3.5.jar:/home/mmllllyyy/.m2/repository/joda-time/joda-time/2.9.9/joda-time-2.9.9.jar:/home/mmllllyyy/.m2/repository/com/fasterxml/jackson/core/jackson-databind/2.9.6/jackson-databind-2.9.6.jar:/home/mmllllyyy/.m2/repository/com/fasterxml/jackson/core/jackson-annotations/2.9.0/jackson-annotations-2.9.0.jar:/home/mmllllyyy/.m2/repository/com/fasterxml/jackson/core/jackson-core/2.9.6/jackson-core-2.9.6.jar:/home/mmllllyyy/.m2/repository/com/fasterxml/jackson/datatype/jackson-datatype-jsr310/2.9.6/jackson-datatype-jsr310-2.9.6.jar:/home/mmllllyyy/.m2/repository/com/deepoove/poi-tl/1.10.0/poi-tl-1.10.0.jar:/home/mmllllyyy/.m2/repository/org/apache/poi/poi-ooxml/4.1.2/poi-ooxml-4.1.2.jar:/home/mmllllyyy/.m2/repository/org/apache/poi/poi-ooxml-schemas/4.1.2/poi-ooxml-schemas-4.1.2.jar:/home/mmllllyyy/.m2/repository/org/apache/xmlbeans/xmlbeans/3.1.0/xmlbeans-3.1.0.jar:/home/mmllllyyy/.m2/repository/com/github/virtuald/curvesapi/1.06/curvesapi-1.06.jar:/home/mmllllyyy/.m2/repository/org/apache/poi/poi/4.1.2/poi-4.1.2.jar:/home/mmllllyyy/.m2/repository/org/apache/commons/commons-collections4/4.4/commons-collections4-4.4.jar:/home/mmllllyyy/.m2/repository/org/apache/commons/commons-math3/3.6.1/commons-math3-3.6.1.jar:/home/mmllllyyy/.m2/repository/com/zaxxer/SparseBitSet/1.2/SparseBitSet-1.2.jar:/home/mmllllyyy/.m2/repository/com/deepoove/poi-ooxml-schemas-extra/4.1.2/poi-ooxml-schemas-extra-4.1.2.jar:/home/mmllllyyy/.m2/repository/org/apache/xmlgraphics/batik-transcoder/1.14/batik-transcoder-1.14.jar:/home/mmllllyyy/.m2/repository/org/apache/xmlgraphics/batik-anim/1.14/batik-anim-1.14.jar:/home/mmllllyyy/.m2/repository/org/apache/xmlgraphics/batik-css/1.14/batik-css-1.14.jar:/home/mmllllyyy/.m2/repository/org/apache/xmlgraphics/batik-ext/1.14/batik-ext-1.14.jar:/home/mmllllyyy/.m2/repository/org/apache/xmlgraphics/batik-parser/1.14/batik-parser-1.14.jar:/home/mmllllyyy/.m2/repository/org/apache/xmlgraphics/batik-svg-dom/1.14/batik-svg-dom-1.14.jar:/home/mmllllyyy/.m2/repository/org/apache/xmlgraphics/batik-awt-util/1.14/batik-awt-util-1.14.jar:/home/mmllllyyy/.m2/repository/org/apache/xmlgraphics/xmlgraphics-commons/2.6/xmlgraphics-commons-2.6.jar:/home/mmllllyyy/.m2/repository/org/apache/xmlgraphics/batik-bridge/1.14/batik-bridge-1.14.jar:/home/mmllllyyy/.m2/repository/org/apache/xmlgraphics/batik-script/1.14/batik-script-1.14.jar:/home/mmllllyyy/.m2/repository/org/apache/xmlgraphics/batik-dom/1.14/batik-dom-1.14.jar:/home/mmllllyyy/.m2/repository/xalan/xalan/2.7.2/xalan-2.7.2.jar:/home/mmllllyyy/.m2/repository/xalan/serializer/2.7.2/serializer-2.7.2.jar:/home/mmllllyyy/.m2/repository/xml-apis/xml-apis/1.4.01/xml-apis-1.4.01.jar:/home/mmllllyyy/.m2/repository/org/apache/xmlgraphics/batik-gvt/1.14/batik-gvt-1.14.jar:/home/mmllllyyy/.m2/repository/org/apache/xmlgraphics/batik-shared-resources/1.14/batik-shared-resources-1.14.jar:/home/mmllllyyy/.m2/repository/org/apache/xmlgraphics/batik-svggen/1.14/batik-svggen-1.14.jar:/home/mmllllyyy/.m2/repository/org/apache/xmlgraphics/batik-util/1.14/batik-util-1.14.jar:/home/mmllllyyy/.m2/repository/org/apache/xmlgraphics/batik-constants/1.14/batik-constants-1.14.jar:/home/mmllllyyy/.m2/repository/org/apache/xmlgraphics/batik-i18n/1.14/batik-i18n-1.14.jar:/home/mmllllyyy/.m2/repository/org/apache/xmlgraphics/batik-xml/1.14/batik-xml-1.14.jar:/home/mmllllyyy/.m2/repository/xml-apis/xml-apis-ext/1.3.04/xml-apis-ext-1.3.04.jar:/home/mmllllyyy/.m2/repository/org/apache/xmlgraphics/batik-codec/1.14/batik-codec-1.14.jar:/home/mmllllyyy/.m2/repository/org/apache/commons/commons-compress/1.19/commons-compress-1.19.jar:/home/mmllllyyy/.m2/repository/com/alibaba/druid/1.1.21/druid-1.1.21.jar:/home/mmllllyyy/.m2/repository/org/dom4j/dom4j/2.1.3/dom4j-2.1.3.jar:/home/mmllllyyy/.m2/repository/jaxen/jaxen/1.2.0/jaxen-1.2.0.jar:/home/mmllllyyy/.m2/repository/javax/xml/bind/jaxb-api/2.3.0/jaxb-api-2.3.0.jar:/home/mmllllyyy/.m2/repository/com/sun/xml/bind/jaxb-impl/2.3.0/jaxb-impl-2.3.0.jar:/home/mmllllyyy/.m2/repository/com/sun/xml/bind/jaxb-core/2.3.0/jaxb-core-2.3.0.jar:/home/mmllllyyy/.m2/repository/javax/activation/activation/1.1.1/activation-1.1.1.jar:
2023-08-13 10:01:25.560 [main] DEBUG cn.com.chiner.java.Application - java.vm.vendor = Oracle Corporation
2023-08-13 10:01:25.560 [main] DEBUG cn.com.chiner.java.Application - sun.arch.data.model = 64
2023-08-13 10:01:25.560 [main] DEBUG cn.com.chiner.java.Application - java.vendor.url = https://java.oracle.com/
2023-08-13 10:01:25.560 [main] DEBUG cn.com.chiner.java.Application - user.timezone = Asia/Shanghai
2023-08-13 10:01:25.560 [main] DEBUG cn.com.chiner.java.Application - java.vm.specification.version = 17
2023-08-13 10:01:25.560 [main] DEBUG cn.com.chiner.java.Application - os.name = Linux
2023-08-13 10:01:25.560 [main] DEBUG cn.com.chiner.java.Application - sun.java.launcher = SUN_STANDARD
2023-08-13 10:01:25.560 [main] DEBUG cn.com.chiner.java.Application - sun.boot.library.path = /usr/lib/jvm/jdk-17.0.8/lib
2023-08-13 10:01:25.560 [main] DEBUG cn.com.chiner.java.Application - sun.java.command = /home/mmllllyyy/chiner-java/target/surefire/surefirebooter-20230813100123384_3.jar /home/mmllllyyy/chiner-java/target/surefire 2023-08-13T10-01-23_333-jvmRun1 surefire-20230813100123384_1tmp surefire_0-20230813100123384_2tmp
2023-08-13 10:01:25.560 [main] DEBUG cn.com.chiner.java.Application - jdk.debug = release
2023-08-13 10:01:25.560 [main] DEBUG cn.com.chiner.java.Application - surefire.test.class.path = /home/mmllllyyy/chiner-java/target/test-classes:/home/mmllllyyy/chiner-java/target/classes:/home/mmllllyyy/.m2/repository/com/h2database/h2/1.3.176/h2-1.3.176.jar:/home/mmllllyyy/.m2/repository/mysql/mysql-connector-java/8.0.26/mysql-connector-java-8.0.26.jar:/home/mmllllyyy/.m2/repository/com/google/protobuf/protobuf-java/3.11.4/protobuf-java-3.11.4.jar:/home/mmllllyyy/.m2/repository/com/oracle/database/jdbc/ojdbc8/21.3.0.0/ojdbc8-21.3.0.0.jar:/home/mmllllyyy/.m2/repository/cn/easyproject/orai18n/12.1.0.2.0/orai18n-12.1.0.2.0.jar:/home/mmllllyyy/.m2/repository/com/microsoft/sqlserver/mssql-jdbc/6.2.2.jre8/mssql-jdbc-6.2.2.jre8.jar:/home/mmllllyyy/.m2/repository/org/postgresql/postgresql/42.2.23/postgresql-42.2.23.jar:/home/mmllllyyy/.m2/repository/org/checkerframework/checker-qual/3.5.0/checker-qual-3.5.0.jar:/home/mmllllyyy/.m2/repository/com/ibm/db2/jcc/11.5.5.0/jcc-11.5.5.0.jar:/home/mmllllyyy/.m2/repository/com/dameng/DmJdbcDriver18/8.1.1.193/DmJdbcDriver18-8.1.1.193.jar:/home/mmllllyyy/chiner-java/jdbc/gbasedbtjdbc_3.3.0.jar:/home/mmllllyyy/chiner-java/jdbc/kingbase8-8.6.0.jar:/home/mmllllyyy/.m2/repository/com/aliyun/odps/odps-jdbc/3.2.9/odps-jdbc-3.2.9.jar:/home/mmllllyyy/.m2/repository/com/aliyun/odps/odps-sdk-core/0.36.4-public/odps-sdk-core-0.36.4-public-shaded.jar:/home/mmllllyyy/.m2/repository/com/aliyun/odps/odps-sdk-commons/0.36.4-public/odps-sdk-commons-0.36.4-public.jar:/home/mmllllyyy/.m2/repository/org/aspectj/aspectjrt/1.8.9/aspectjrt-1.8.9.jar:/home/mmllllyyy/.m2/repository/org/codehaus/jackson/jackson-mapper-asl/1.9.13/jackson-mapper-asl-1.9.13.jar:/home/mmllllyyy/.m2/repository/org/codehaus/jackson/jackson-core-asl/1.9.13/jackson-core-asl-1.9.13.jar:/home/mmllllyyy/.m2/repository/com/google/guava/guava/15.0/guava-15.0.jar:/home/mmllllyyy/.m2/repository/net/sourceforge/javacsv/javacsv/2.0/javacsv-2.0.jar:/home/mmllllyyy/.m2/repository/org/xerial/snappy/snappy-java/1.1.1.6/snappy-java-1.1.1.6.jar:/home/mmllllyyy/.m2/repository/javax/mail/mail/1.4.7/mail-1.4.7.jar:/home/mmllllyyy/.m2/repository/stax/stax-api/1.0.1/stax-api-1.0.1.jar:/home/mmllllyyy/.m2/repository/stax/stax/1.2.0/stax-1.2.0.jar:/home/mmllllyyy/.m2/repository/xpp3/xpp3/1.1.3.3/xpp3-1.1.3.3.jar:/home/mmllllyyy/.m2/repository/com/google/code/gson/gson/2.2.4/gson-2.2.4.jar:/home/mmllllyyy/.m2/repository/commons-lang/commons-lang/2.6/commons-lang-2.6.jar:/home/mmllllyyy/.m2/repository/org/xerial/sqlite-jdbc/3.36.0.3/sqlite-jdbc-3.36.0.3.jar:/home/mmllllyyy/.m2/repository/commons-codec/commons-codec/1.11/commons-codec-1.11.jar:/home/mmllllyyy/.m2/repository/junit/junit/4.12/junit-4.12.jar:/home/mmllllyyy/.m2/repository/org/hamcrest/hamcrest-core/1.3/hamcrest-core-1.3.jar:/home/mmllllyyy/.m2/repository/commons-io/commons-io/2.5/commons-io-2.5.jar:/home/mmllllyyy/.m2/repository/commons-jxpath/commons-jxpath/1.3/commons-jxpath-1.3.jar:/home/mmllllyyy/.m2/repository/org/slf4j/slf4j-api/1.7.9/slf4j-api-1.7.9.jar:/home/mmllllyyy/.m2/repository/ch/qos/logback/logback-classic/1.2.1/logback-classic-1.2.1.jar:/home/mmllllyyy/.m2/repository/ch/qos/logback/logback-core/1.2.1/logback-core-1.2.1.jar:/home/mmllllyyy/.m2/repository/commons-beanutils/commons-beanutils/1.9.3/commons-beanutils-1.9.3.jar:/home/mmllllyyy/.m2/repository/commons-logging/commons-logging/1.2/commons-logging-1.2.jar:/home/mmllllyyy/.m2/repository/commons-collections/commons-collections/3.2.2/commons-collections-3.2.2.jar:/home/mmllllyyy/.m2/repository/org/apache/commons/commons-lang3/3.5/commons-lang3-3.5.jar:/home/mmllllyyy/.m2/repository/joda-time/joda-time/2.9.9/joda-time-2.9.9.jar:/home/mmllllyyy/.m2/repository/com/fasterxml/jackson/core/jackson-databind/2.9.6/jackson-databind-2.9.6.jar:/home/mmllllyyy/.m2/repository/com/fasterxml/jackson/core/jackson-annotations/2.9.0/jackson-annotations-2.9.0.jar:/home/mmllllyyy/.m2/repository/com/fasterxml/jackson/core/jackson-core/2.9.6/jackson-core-2.9.6.jar:/home/mmllllyyy/.m2/repository/com/fasterxml/jackson/datatype/jackson-datatype-jsr310/2.9.6/jackson-datatype-jsr310-2.9.6.jar:/home/mmllllyyy/.m2/repository/com/deepoove/poi-tl/1.10.0/poi-tl-1.10.0.jar:/home/mmllllyyy/.m2/repository/org/apache/poi/poi-ooxml/4.1.2/poi-ooxml-4.1.2.jar:/home/mmllllyyy/.m2/repository/org/apache/poi/poi-ooxml-schemas/4.1.2/poi-ooxml-schemas-4.1.2.jar:/home/mmllllyyy/.m2/repository/org/apache/xmlbeans/xmlbeans/3.1.0/xmlbeans-3.1.0.jar:/home/mmllllyyy/.m2/repository/com/github/virtuald/curvesapi/1.06/curvesapi-1.06.jar:/home/mmllllyyy/.m2/repository/org/apache/poi/poi/4.1.2/poi-4.1.2.jar:/home/mmllllyyy/.m2/repository/org/apache/commons/commons-collections4/4.4/commons-collections4-4.4.jar:/home/mmllllyyy/.m2/repository/org/apache/commons/commons-math3/3.6.1/commons-math3-3.6.1.jar:/home/mmllllyyy/.m2/repository/com/zaxxer/SparseBitSet/1.2/SparseBitSet-1.2.jar:/home/mmllllyyy/.m2/repository/com/deepoove/poi-ooxml-schemas-extra/4.1.2/poi-ooxml-schemas-extra-4.1.2.jar:/home/mmllllyyy/.m2/repository/org/apache/xmlgraphics/batik-transcoder/1.14/batik-transcoder-1.14.jar:/home/mmllllyyy/.m2/repository/org/apache/xmlgraphics/batik-anim/1.14/batik-anim-1.14.jar:/home/mmllllyyy/.m2/repository/org/apache/xmlgraphics/batik-css/1.14/batik-css-1.14.jar:/home/mmllllyyy/.m2/repository/org/apache/xmlgraphics/batik-ext/1.14/batik-ext-1.14.jar:/home/mmllllyyy/.m2/repository/org/apache/xmlgraphics/batik-parser/1.14/batik-parser-1.14.jar:/home/mmllllyyy/.m2/repository/org/apache/xmlgraphics/batik-svg-dom/1.14/batik-svg-dom-1.14.jar:/home/mmllllyyy/.m2/repository/org/apache/xmlgraphics/batik-awt-util/1.14/batik-awt-util-1.14.jar:/home/mmllllyyy/.m2/repository/org/apache/xmlgraphics/xmlgraphics-commons/2.6/xmlgraphics-commons-2.6.jar:/home/mmllllyyy/.m2/repository/org/apache/xmlgraphics/batik-bridge/1.14/batik-bridge-1.14.jar:/home/mmllllyyy/.m2/repository/org/apache/xmlgraphics/batik-script/1.14/batik-script-1.14.jar:/home/mmllllyyy/.m2/repository/org/apache/xmlgraphics/batik-dom/1.14/batik-dom-1.14.jar:/home/mmllllyyy/.m2/repository/xalan/xalan/2.7.2/xalan-2.7.2.jar:/home/mmllllyyy/.m2/repository/xalan/serializer/2.7.2/serializer-2.7.2.jar:/home/mmllllyyy/.m2/repository/xml-apis/xml-apis/1.4.01/xml-apis-1.4.01.jar:/home/mmllllyyy/.m2/repository/org/apache/xmlgraphics/batik-gvt/1.14/batik-gvt-1.14.jar:/home/mmllllyyy/.m2/repository/org/apache/xmlgraphics/batik-shared-resources/1.14/batik-shared-resources-1.14.jar:/home/mmllllyyy/.m2/repository/org/apache/xmlgraphics/batik-svggen/1.14/batik-svggen-1.14.jar:/home/mmllllyyy/.m2/repository/org/apache/xmlgraphics/batik-util/1.14/batik-util-1.14.jar:/home/mmllllyyy/.m2/repository/org/apache/xmlgraphics/batik-constants/1.14/batik-constants-1.14.jar:/home/mmllllyyy/.m2/repository/org/apache/xmlgraphics/batik-i18n/1.14/batik-i18n-1.14.jar:/home/mmllllyyy/.m2/repository/org/apache/xmlgraphics/batik-xml/1.14/batik-xml-1.14.jar:/home/mmllllyyy/.m2/repository/xml-apis/xml-apis-ext/1.3.04/xml-apis-ext-1.3.04.jar:/home/mmllllyyy/.m2/repository/org/apache/xmlgraphics/batik-codec/1.14/batik-codec-1.14.jar:/home/mmllllyyy/.m2/repository/org/apache/commons/commons-compress/1.19/commons-compress-1.19.jar:/home/mmllllyyy/.m2/repository/com/alibaba/druid/1.1.21/druid-1.1.21.jar:/home/mmllllyyy/.m2/repository/org/dom4j/dom4j/2.1.3/dom4j-2.1.3.jar:/home/mmllllyyy/.m2/repository/jaxen/jaxen/1.2.0/jaxen-1.2.0.jar:/home/mmllllyyy/.m2/repository/javax/xml/bind/jaxb-api/2.3.0/jaxb-api-2.3.0.jar:/home/mmllllyyy/.m2/repository/com/sun/xml/bind/jaxb-impl/2.3.0/jaxb-impl-2.3.0.jar:/home/mmllllyyy/.m2/repository/com/sun/xml/bind/jaxb-core/2.3.0/jaxb-core-2.3.0.jar:/home/mmllllyyy/.m2/repository/javax/activation/activation/1.1.1/activation-1.1.1.jar:
2023-08-13 10:01:25.560 [main] DEBUG cn.com.chiner.java.Application - sun.cpu.endian = little
2023-08-13 10:01:25.560 [main] DEBUG cn.com.chiner.java.Application - user.home = /home/mmllllyyy
2023-08-13 10:01:25.560 [main] DEBUG cn.com.chiner.java.Application - user.language = en
2023-08-13 10:01:25.560 [main] DEBUG cn.com.chiner.java.Application - java.specification.vendor = Oracle Corporation
2023-08-13 10:01:25.560 [main] DEBUG cn.com.chiner.java.Application - java.version.date = 2023-07-18
2023-08-13 10:01:25.560 [main] DEBUG cn.com.chiner.java.Application - java.home = /usr/lib/jvm/jdk-17.0.8
2023-08-13 10:01:25.560 [main] DEBUG cn.com.chiner.java.Application - file.separator = /
2023-08-13 10:01:25.560 [main] DEBUG cn.com.chiner.java.Application - basedir = /home/mmllllyyy/chiner-java
2023-08-13 10:01:25.560 [main] DEBUG cn.com.chiner.java.Application - java.vm.compressedOopsMode = Zero based
2023-08-13 10:01:25.560 [main] DEBUG cn.com.chiner.java.Application - line.separator = 

2023-08-13 10:01:25.560 [main] DEBUG cn.com.chiner.java.Application - java.specification.name = Java Platform API Specification
2023-08-13 10:01:25.560 [main] DEBUG cn.com.chiner.java.Application - java.vm.specification.vendor = Oracle Corporation
2023-08-13 10:01:25.560 [main] DEBUG cn.com.chiner.java.Application - surefire.real.class.path = /home/mmllllyyy/chiner-java/target/surefire/surefirebooter-20230813100123384_3.jar
2023-08-13 10:01:25.560 [main] DEBUG cn.com.chiner.java.Application - sun.management.compiler = HotSpot 64-Bit Tiered Compilers
2023-08-13 10:01:25.560 [main] DEBUG cn.com.chiner.java.Application - java.runtime.version = 17.0.8+9-LTS-211
2023-08-13 10:01:25.560 [main] DEBUG cn.com.chiner.java.Application - user.name = mmllllyyy
2023-08-13 10:01:25.560 [main] DEBUG cn.com.chiner.java.Application - path.separator = :
2023-08-13 10:01:25.560 [main] DEBUG cn.com.chiner.java.Application - os.version = 5.15.90.1-microsoft-standard-WSL2
2023-08-13 10:01:25.560 [main] DEBUG cn.com.chiner.java.Application - java.runtime.name = Java(TM) SE Runtime Environment
2023-08-13 10:01:25.560 [main] DEBUG cn.com.chiner.java.Application - file.encoding = UTF-8
2023-08-13 10:01:25.560 [main] DEBUG cn.com.chiner.java.Application - java.vm.name = Java HotSpot(TM) 64-Bit Server VM
2023-08-13 10:01:25.560 [main] DEBUG cn.com.chiner.java.Application - localRepository = /home/mmllllyyy/.m2/repository
2023-08-13 10:01:25.560 [main] DEBUG cn.com.chiner.java.Application - java.vendor.url.bug = https://bugreport.java.com/bugreport/
2023-08-13 10:01:25.560 [main] DEBUG cn.com.chiner.java.Application - java.io.tmpdir = /tmp
2023-08-13 10:01:25.560 [main] DEBUG cn.com.chiner.java.Application - java.version = 17.0.8
2023-08-13 10:01:25.560 [main] DEBUG cn.com.chiner.java.Application - user.dir = /home/mmllllyyy/chiner-java
2023-08-13 10:01:25.560 [main] DEBUG cn.com.chiner.java.Application - os.arch = amd64
2023-08-13 10:01:25.560 [main] DEBUG cn.com.chiner.java.Application - java.vm.specification.name = Java Virtual Machine Specification
2023-08-13 10:01:25.560 [main] DEBUG cn.com.chiner.java.Application - native.encoding = UTF-8
2023-08-13 10:01:25.560 [main] DEBUG cn.com.chiner.java.Application - java.library.path = /usr/java/packages/lib:/usr/lib64:/lib64:/lib:/usr/lib
2023-08-13 10:01:25.560 [main] DEBUG cn.com.chiner.java.Application - java.vm.info = mixed mode, sharing
2023-08-13 10:01:25.561 [main] DEBUG cn.com.chiner.java.Application - java.vendor = Oracle Corporation
2023-08-13 10:01:25.561 [main] DEBUG cn.com.chiner.java.Application - java.vm.version = 17.0.8+9-LTS-211
2023-08-13 10:01:25.561 [main] DEBUG cn.com.chiner.java.Application - sun.io.unicode.encoding = UnicodeLittle
2023-08-13 10:01:25.561 [main] DEBUG cn.com.chiner.java.Application - java.class.version = 61.0
2023-08-13 10:01:25.561 [main] DEBUG cn.com.chiner.java.Application - Heap-Max:3976MB
2023-08-13 10:01:25.561 [main] DEBUG cn.com.chiner.java.Application - Heap-Init:250MB
2023-08-13 10:01:25.561 [main] DEBUG cn.com.chiner.java.Application - Heap-Committed:68MB
2023-08-13 10:01:25.561 [main] DEBUG cn.com.chiner.java.Application - Heap-Used:29MB
2023-08-13 10:01:25.561 [main] DEBUG cn.com.chiner.java.Application - init = 262144000(256000K) used = 30899048(30174K) committed = 71303168(69632K) max = 4169138176(4071424K)
2023-08-13 10:01:25.561 [main] DEBUG cn.com.chiner.java.Application - NoHeap-Max:0MB
2023-08-13 10:01:25.561 [main] DEBUG cn.com.chiner.java.Application - NoHeap-Init:7MB
2023-08-13 10:01:25.561 [main] DEBUG cn.com.chiner.java.Application - NoHeap-Committed:38MB
2023-08-13 10:01:25.561 [main] DEBUG cn.com.chiner.java.Application - NoHeap-Used:36MB
2023-08-13 10:01:25.561 [main] INFO  cn.com.chiner.java.Application - ----------------------------------------------------------------------------------------
2023-08-13 10:01:29.141 [main] INFO  cn.com.chiner.java.Application - {
  "status" : "SUCCESS",
  "body" : [ {
    "id" : null,
    "rowNo" : 0,
    "defKey" : "ACT_APP_APPDEF",
    "defName" : null,
    "comment" : "",
    "properties" : { },
    "fields" : [ ],
    "indexes" : [ ]
  }, {
    "id" : null,
    "rowNo" : 0,
    "defKey" : "ACT_APP_DATABASECHANGELOG",
    "defName" : null,
    "comment" : "",
    "properties" : { },
    "fields" : [ ],
    "indexes" : [ ]
  }, {
    "id" : null,
    "rowNo" : 0,
    "defKey" : "ACT_APP_DATABASECHANGELOGLOCK",
    "defName" : null,
    "comment" : "",
    "properties" : { },
    "fields" : [ ],
    "indexes" : [ ]
  }, {
    "id" : null,
    "rowNo" : 0,
    "defKey" : "ACT_APP_DEPLOYMENT",
    "defName" : null,
    "comment" : "",
    "properties" : { },
    "fields" : [ ],
    "indexes" : [ ]
  }, {
    "id" : null,
    "rowNo" : 0,
    "defKey" : "ACT_APP_DEPLOYMENT_RESOURCE",
    "defName" : null,
    "comment" : "",
    "properties" : { },
    "fields" : [ ],
    "indexes" : [ ]
  }, {
    "id" : null,
    "rowNo" : 0,
    "defKey" : "ACT_CMMN_CASEDEF",
    "defName" : null,
    "comment" : "",
    "properties" : { },
    "fields" : [ ],
    "indexes" : [ ]
  }, {
    "id" : null,
    "rowNo" : 0,
    "defKey" : "ACT_CMMN_DATABASECHANGELOG",
    "defName" : null,
    "comment" : "",
    "properties" : { },
    "fields" : [ ],
    "indexes" : [ ]
  }, {
    "id" : null,
    "rowNo" : 0,
    "defKey" : "ACT_CMMN_DATABASECHANGELOGLOCK",
    "defName" : null,
    "comment" : "",
    "properties" : { },
    "fields" : [ ],
    "indexes" : [ ]
  }, {
    "id" : null,
    "rowNo" : 0,
    "defKey" : "ACT_CMMN_DEPLOYMENT",
    "defName" : null,
    "comment" : "",
    "properties" : { },
    "fields" : [ ],
    "indexes" : [ ]
  }, {
    "id" : null,
    "rowNo" : 0,
    "defKey" : "ACT_CMMN_DEPLOYMENT_RESOURCE",
    "defName" : null,
    "comment" : "",
    "properties" : { },
    "fields" : [ ],
    "indexes" : [ ]
  }, {
    "id" : null,
    "rowNo" : 0,
    "defKey" : "ACT_CMMN_HI_CASE_INST",
    "defName" : null,
    "comment" : "",
    "properties" : { },
    "fields" : [ ],
    "indexes" : [ ]
  }, {
    "id" : null,
    "rowNo" : 0,
    "defKey" : "ACT_CMMN_HI_MIL_INST",
    "defName" : null,
    "comment" : "",
    "properties" : { },
    "fields" : [ ],
    "indexes" : [ ]
  }, {
    "id" : null,
    "rowNo" : 0,
    "defKey" : "ACT_CMMN_HI_PLAN_ITEM_INST",
    "defName" : null,
    "comment" : "",
    "properties" : { },
    "fields" : [ ],
    "indexes" : [ ]
  }, {
    "id" : null,
    "rowNo" : 0,
    "defKey" : "ACT_CMMN_RU_CASE_INST",
    "defName" : null,
    "comment" : "",
    "properties" : { },
    "fields" : [ ],
    "indexes" : [ ]
  }, {
    "id" : null,
    "rowNo" : 0,
    "defKey" : "ACT_CMMN_RU_MIL_INST",
    "defName" : null,
    "comment" : "",
    "properties" : { },
    "fields" : [ ],
    "indexes" : [ ]
  }, {
    "id" : null,
    "rowNo" : 0,
    "defKey" : "ACT_CMMN_RU_PLAN_ITEM_INST",
    "defName" : null,
    "comment" : "",
    "properties" : { },
    "fields" : [ ],
    "indexes" : [ ]
  }, {
    "id" : null,
    "rowNo" : 0,
    "defKey" : "ACT_CMMN_RU_SENTRY_PART_INST",
    "defName" : null,
    "comment" : "",
    "properties" : { },
    "fields" : [ ],
    "indexes" : [ ]
  }, {
    "id" : null,
    "rowNo" : 0,
    "defKey" : "ACT_CO_CONTENT_ITEM",
    "defName" : null,
    "comment" : "",
    "properties" : { },
    "fields" : [ ],
    "indexes" : [ ]
  }, {
    "id" : null,
    "rowNo" : 0,
    "defKey" : "ACT_CO_DATABASECHANGELOG",
    "defName" : null,
    "comment" : "",
    "properties" : { },
    "fields" : [ ],
    "indexes" : [ ]
  }, {
    "id" : null,
    "rowNo" : 0,
    "defKey" : "ACT_CO_DATABASECHANGELOGLOCK",
    "defName" : null,
    "comment" : "",
    "properties" : { },
    "fields" : [ ],
    "indexes" : [ ]
  }, {
    "id" : null,
    "rowNo" : 0,
    "defKey" : "ACT_DE_DATABASECHANGELOG",
    "defName" : null,
    "comment" : "",
    "properties" : { },
    "fields" : [ ],
    "indexes" : [ ]
  }, {
    "id" : null,
    "rowNo" : 0,
    "defKey" : "ACT_DE_DATABASECHANGELOGLOCK",
    "defName" : null,
    "comment" : "",
    "properties" : { },
    "fields" : [ ],
    "indexes" : [ ]
  }, {
    "id" : null,
    "rowNo" : 0,
    "defKey" : "ACT_DE_MODEL",
    "defName" : null,
    "comment" : "",
    "properties" : { },
    "fields" : [ ],
    "indexes" : [ ]
  }, {
    "id" : null,
    "rowNo" : 0,
    "defKey" : "ACT_DE_MODEL_HISTORY",
    "defName" : null,
    "comment" : "",
    "properties" : { },
    "fields" : [ ],
    "indexes" : [ ]
  }, {
    "id" : null,
    "rowNo" : 0,
    "defKey" : "ACT_DE_MODEL_RELATION",
    "defName" : null,
    "comment" : "",
    "properties" : { },
    "fields" : [ ],
    "indexes" : [ ]
  }, {
    "id" : null,
    "rowNo" : 0,
    "defKey" : "ACT_DMN_DATABASECHANGELOG",
    "defName" : null,
    "comment" : "",
    "properties" : { },
    "fields" : [ ],
    "indexes" : [ ]
  }, {
    "id" : null,
    "rowNo" : 0,
    "defKey" : "ACT_DMN_DATABASECHANGELOGLOCK",
    "defName" : null,
    "comment" : "",
    "properties" : { },
    "fields" : [ ],
    "indexes" : [ ]
  }, {
    "id" : null,
    "rowNo" : 0,
    "defKey" : "ACT_DMN_DECISION_TABLE",
    "defName" : null,
    "comment" : "",
    "properties" : { },
    "fields" : [ ],
    "indexes" : [ ]
  }, {
    "id" : null,
    "rowNo" : 0,
    "defKey" : "ACT_DMN_DEPLOYMENT",
    "defName" : null,
    "comment" : "",
    "properties" : { },
    "fields" : [ ],
    "indexes" : [ ]
  }, {
    "id" : null,
    "rowNo" : 0,
    "defKey" : "ACT_DMN_DEPLOYMENT_RESOURCE",
    "defName" : null,
    "comment" : "",
    "properties" : { },
    "fields" : [ ],
    "indexes" : [ ]
  }, {
    "id" : null,
    "rowNo" : 0,
    "defKey" : "ACT_DMN_HI_DECISION_EXECUTION",
    "defName" : null,
    "comment" : "",
    "properties" : { },
    "fields" : [ ],
    "indexes" : [ ]
  }, {
    "id" : null,
    "rowNo" : 0,
    "defKey" : "ACT_EVT_LOG",
    "defName" : null,
    "comment" : "",
    "properties" : { },
    "fields" : [ ],
    "indexes" : [ ]
  }, {
    "id" : null,
    "rowNo" : 0,
    "defKey" : "ACT_FO_DATABASECHANGELOG",
    "defName" : null,
    "comment" : "",
    "properties" : { },
    "fields" : [ ],
    "indexes" : [ ]
  }, {
    "id" : null,
    "rowNo" : 0,
    "defKey" : "ACT_FO_DATABASECHANGELOGLOCK",
    "defName" : null,
    "comment" : "",
    "properties" : { },
    "fields" : [ ],
    "indexes" : [ ]
  }, {
    "id" : null,
    "rowNo" : 0,
    "defKey" : "ACT_FO_FORM_DEFINITION",
    "defName" : null,
    "comment" : "",
    "properties" : { },
    "fields" : [ ],
    "indexes" : [ ]
  }, {
    "id" : null,
    "rowNo" : 0,
    "defKey" : "ACT_FO_FORM_DEPLOYMENT",
    "defName" : null,
    "comment" : "",
    "properties" : { },
    "fields" : [ ],
    "indexes" : [ ]
  }, {
    "id" : null,
    "rowNo" : 0,
    "defKey" : "ACT_FO_FORM_INSTANCE",
    "defName" : null,
    "comment" : "",
    "properties" : { },
    "fields" : [ ],
[...]
    "defName" : "额度信息表临时表",
    "comment" : "",
    "properties" : { },
    "fields" : [ ],
    "indexes" : [ ]
  }, {
    "id" : null,
    "rowNo" : 0,
    "defKey" : "QUOTA_INFO_TEST",
    "defName" : null,
    "comment" : "",
    "properties" : { },
    "fields" : [ ],
    "indexes" : [ ]
  }, {
    "id" : null,
    "rowNo" : 0,
    "defKey" : "QUOTA_RECORD",
    "defName" : "额度补录表",
    "comment" : "",
    "properties" : { },
    "fields" : [ ],
    "indexes" : [ ]
  }, {
    "id" : null,
    "rowNo" : 0,
    "defKey" : "QUOTA_SPLIT",
    "defName" : "额度切分表",
    "comment" : "",
    "properties" : { },
    "fields" : [ ],
    "indexes" : [ ]
  }, {
    "id" : null,
    "rowNo" : 0,
    "defKey" : "QUOTA_TRADE_DETAIL",
    "defName" : "额度操作交易流水信息",
    "comment" : "",
    "properties" : { },
    "fields" : [ ],
    "indexes" : [ ]
  }, {
    "id" : null,
    "rowNo" : 0,
    "defKey" : "RATN_INST",
    "defName" : "信用评级实例",
    "comment" : "",
    "properties" : { },
    "fields" : [ ],
    "indexes" : [ ]
  }, {
    "id" : null,
    "rowNo" : 0,
    "defKey" : "RATN_SCALE_ROD",
    "defName" : "评级标尺",
    "comment" : "",
    "properties" : { },
    "fields" : [ ],
    "indexes" : [ ]
  }, {
    "id" : null,
    "rowNo" : 0,
    "defKey" : "RATN_SCALE_ROD_ITEM",
    "defName" : "评级标尺明细项",
    "comment" : "",
    "properties" : { },
    "fields" : [ ],
    "indexes" : [ ]
  }, {
    "id" : null,
    "rowNo" : 0,
    "defKey" : "RATN_TASK_SCORE",
    "defName" : "审批节点填写得分",
    "comment" : "",
    "properties" : { },
    "fields" : [ ],
    "indexes" : [ ]
  }, {
    "id" : null,
    "rowNo" : 0,
    "defKey" : "REPORT_ENTCONTRACT_APPL",
    "defName" : "公司客户用信明细（合同）",
    "comment" : "",
    "properties" : { },
    "fields" : [ ],
    "indexes" : [ ]
  }, {
    "id" : null,
    "rowNo" : 0,
    "defKey" : "REPORT_ENTCONTRACT_HISTORY",
    "defName" : "公司客户用信明细（合同）--历史表",
    "comment" : "",
    "properties" : { },
    "fields" : [ ],
    "indexes" : [ ]
  }, {
    "id" : null,
    "rowNo" : 0,
    "defKey" : "REPORT_ENT_APPL",
    "defName" : "公司客户统一授信报表",
    "comment" : "",
    "properties" : { },
    "fields" : [ ],
    "indexes" : [ ]
  }, {
    "id" : null,
    "rowNo" : 0,
    "defKey" : "REPORT_ENT_APPL_HISTORY",
    "defName" : "公司客户统一授信报表--历史记录表",
    "comment" : "",
    "properties" : { },
    "fields" : [ ],
    "indexes" : [ ]
  }, {
    "id" : null,
    "rowNo" : 0,
    "defKey" : "REPORT_INDCONTRACT_APPL",
    "defName" : "个人客户用信明细（合同）",
    "comment" : "",
    "properties" : { },
    "fields" : [ ],
    "indexes" : [ ]
  }, {
    "id" : null,
    "rowNo" : 0,
    "defKey" : "REPORT_INDCONTRACT_HISTORY",
    "defName" : "个人客户用信明细（合同）--历史表",
    "comment" : "",
    "properties" : { },
    "fields" : [ ],
    "indexes" : [ ]
  }, {
    "id" : null,
    "rowNo" : 0,
    "defKey" : "REPORT_IND_APPL",
    "defName" : "个人客户统一授信报表",
    "comment" : "",
    "properties" : { },
    "fields" : [ ],
    "indexes" : [ ]
  }, {
    "id" : null,
    "rowNo" : 0,
    "defKey" : "REPORT_IND_APPL_HISTORY",
    "defName" : "个人客户统一授信报表--历史表",
    "comment" : "",
    "properties" : { },
    "fields" : [ ],
    "indexes" : [ ]
  }, {
    "id" : null,
    "rowNo" : 0,
    "defKey" : "REPORT_TYINFO_APPL",
    "defName" : "同业客户用信明细",
    "comment" : "",
    "properties" : { },
    "fields" : [ ],
    "indexes" : [ ]
  }, {
    "id" : null,
    "rowNo" : 0,
    "defKey" : "REPORT_TYINFO_APPL_HISTORY",
    "defName" : "同业客户用信明细--历史表",
    "comment" : "",
    "properties" : { },
    "fields" : [ ],
    "indexes" : [ ]
  }, {
    "id" : null,
    "rowNo" : 0,
    "defKey" : "REPORT_TY_APPL",
    "defName" : "同业客户授信报表",
    "comment" : "",
    "properties" : { },
    "fields" : [ ],
    "indexes" : [ ]
  }, {
    "id" : null,
    "rowNo" : 0,
    "defKey" : "REPORT_TY_APPL_HISTORY",
    "defName" : "同业客户授信报表--历史表",
    "comment" : "",
    "properties" : { },
    "fields" : [ ],
    "indexes" : [ ]
  }, {
    "id" : null,
    "rowNo" : 0,
    "defKey" : "RULE_SCORECARD",
    "defName" : "评分卡实例",
    "comment" : "",
    "properties" : { },
    "fields" : [ ],
    "indexes" : [ ]
  }, {
    "id" : null,
    "rowNo" : 0,
    "defKey" : "RULE_SCORECARD_SUBJECT",
    "defName" : "评分卡科目项",
    "comment" : "",
    "properties" : { },
    "fields" : [ ],
    "indexes" : [ ]
  }, {
    "id" : null,
    "rowNo" : 0,
    "defKey" : "SECZX_APPLY",
    "defName" : "二代征信",
    "comment" : "",
    "properties" : { },
    "fields" : [ ],
    "indexes" : [ ]
  }, {
    "id" : null,
    "rowNo" : 0,
    "defKey" : "SECZX_ENT_BASIC",
    "defName" : "企业网贷汇法网数据",
    "comment" : "",
    "properties" : { },
    "fields" : [ ],
    "indexes" : [ ]
  }, {
    "id" : null,
    "rowNo" : 0,
    "defKey" : "SECZX_ENT_CREDITDETAIL",
    "defName" : "二代企业征信：信贷记录明细-借贷账户信息单元-基本信息段",
    "comment" : "",
    "properties" : { },
    "fields" : [ ],
    "indexes" : [ ]
  }, {
    "id" : null,
    "rowNo" : 0,
    "defKey" : "SECZX_ENT_CREDITPAYMENTDETAIL",
    "defName" : "二代企业征信：信贷记录明细-借贷账户信息单元-还款表现信息段",
    "comment" : "",
    "properties" : { },
    "fields" : [ ],
    "indexes" : [ ]
  }, {
    "id" : null,
    "rowNo" : 0,
    "defKey" : "SECZX_ENT_DEBTHISTORY",
    "defName" : "二代企业征信：信息概要-负债历史",
    "comment" : "",
    "properties" : { },
    "fields" : [ ],
    "indexes" : [ ]
  }, {
    "id" : null,
    "rowNo" : 0,
    "defKey" : "SECZX_ENT_REPAYMENTLIABILITY",
    "defName" : "二代企业征信：信息概要-相关还款责任信息概要",
    "comment" : "",
    "properties" : { },
    "fields" : [ ],
    "indexes" : [ ]
  }, {
    "id" : null,
    "rowNo" : 0,
    "defKey" : "SECZX_ENT_SUMMARY",
    "defName" : "二代企业征信：信息概要-未/已结清信贷及授信信息概要中详细贷款信息",
    "comment" : "",
    "properties" : { },
    "fields" : [ ],
    "indexes" : [ ]
  }, {
    "id" : null,
    "rowNo" : 0,
    "defKey" : "SECZX_IND_ACCFUND",
    "defName" : "二代个人征信_五（五）住房公积金参缴记录",
    "comment" : "",
    "properties" : { },
    "fields" : [ ],
    "indexes" : [ ]
  }, {
    "id" : null,
    "rowNo" : 0,
    "defKey" : "SECZX_IND_BASICCREDITDETAIL",
    "defName" : "二代个人征信_三（一）（二）（三）（四）（五）（六)基本信息",
    "comment" : "",
    "properties" : { },
    "fields" : [ ],
    "indexes" : [ ]
  }, {
    "id" : null,
    "rowNo" : 0,
    "defKey" : "SECZX_IND_BUSINESS",
    "defName" : "二代个人征信_二（二）信贷交易信息提示",
    "comment" : "",
    "properties" : { },
    "fields" : [ ],
    "indexes" : [ ]
  }, {
    "id" : null,
    "rowNo" : 0,
    "defKey" : "SECZX_IND_COMINFOSUMMARY",
    "defName" : "二代个人征信_二（六）公共信息概要",
    "comment" : "",
    "properties" : { },
    "fields" : [ ],
    "indexes" : [ ]
  }, {
    "id" : null,
    "rowNo" : 0,
    "defKey" : "SECZX_IND_CREDITDEBT",
    "defName" : "二代个人征信_二（四）信贷交易授信及负债信息概要",
    "comment" : "",
    "properties" : { },
    "fields" : [ ],
    "indexes" : [ ]
  }, {
    "id" : null,
    "rowNo" : 0,
    "defKey" : "SECZX_IND_LASTMONTH",
    "defName" : "二代个人征信_三（一）（二）（三）（四）（五）（六)最后一个月的还款信息",
    "comment" : "",
    "properties" : { },
    "fields" : [ ],
    "indexes" : [ ]
  }, {
    "id" : null,
    "rowNo" : 0,
    "defKey" : "SECZX_IND_OBJECTIONMARK",
    "defName" : "二代个人征信：六、七其他标注及声明信息（本人声明、异议标注等）",
    "comment" : "",
    "properties" : { },
    "fields" : [ ],
    "indexes" : [ ]
  }, {
    "id" : null,
    "rowNo" : 0,
    "defKey" : "SECZX_IND_OVERDUE",
    "defName" : "二代个人征信_信贷交易违约信息概要_二（三）逾期（透支）信息汇总",
    "comment" : "",
    "properties" : { },
    "fields" : [ ],
    "indexes" : [ ]
  }, {
    "id" : null,
    "rowNo" : 0,
    "defKey" : "SECZX_IND_POSTPAY",
    "defName" : "二代个人征信：四、非信贷交易信息明细-后付费记录",
    "comment" : "",
    "properties" : { },
    "fields" : [ ],
    "indexes" : [ ]
  }, {
    "id" : null,
    "rowNo" : 0,
    "defKey" : "SECZX_IND_RECENTLY",
    "defName" : "最新表现信息段",
    "comment" : "",
    "properties" : { },
    "fields" : [ ],
    "indexes" : [ ]
  }, {
    "id" : null,
    "rowNo" : 0,
    "defKey" : "SECZX_IND_RECOVERYDEBT",
    "defName" : "二代个人征信_信贷交易违约信息概要_二（三）被追偿信息汇总/呆账信息汇总",
    "comment" : "",
    "properties" : { },
    "fields" : [ ],
    "indexes" : [ ]
  }, {
    "id" : null,
    "rowNo" : 0,
    "defKey" : "SECZX_IND_RELATIVEREPAYDUTY",
    "defName" : "二代个人征信_三（七）相关还款责任信息",
    "comment" : "",
    "properties" : { },
    "fields" : [ ],
    "indexes" : [ ]
  }, {
    "id" : null,
    "rowNo" : 0,
    "defKey" : "SECZX_IND_RELATIVES",
    "defName" : "二代个人征信_一(二)配偶信息",
    "comment" : "",
    "properties" : { },
    "fields" : [ ],
    "indexes" : [ ]
  }, {
    "id" : null,
    "rowNo" : 0,
    "defKey" : "SECZX_IND_REPAYDETAIL",
    "defName" : "二代个人征信_还款记录",
    "comment" : "",
    "properties" : { },
    "fields" : [ ],
    "indexes" : [ ]
  }, {
    "id" : null,
    "rowNo" : 0,
    "defKey" : "SECZX_IND_SELECTRECORD",
    "defName" : "二代个人征信_三（七）相关还款责任信息",
    "comment" : "",
    "properties" : { },
    "fields" : [ ],
    "indexes" : [ ]
  }, {
    "id" : null,
    "rowNo" : 0,
    "defKey" : "SECZX_READRECORD",
    "defName" : "二代企业征信：征信报告点击查看记录表",
    "comment" : "",
    "properties" : { },
    "fields" : [ ],
    "indexes" : [ ]
  }, {
    "id" : null,
    "rowNo" : 0,
    "defKey" : "SERIALNO_RELATIVE",
    "defName" : null,
    "comment" : "",
    "properties" : { },
    "fields" : [ ],
    "indexes" : [ ]
  }, {
    "id" : null,
    "rowNo" : 0,
    "defKey" : "SMTC_DEF",
    "defName" : "格式化文档定义",
    "comment" : "",
    "properties" : { },
    "fields" : [ ],
    "indexes" : [ ]
  }, {
    "id" : null,
    "rowNo" : 0,
    "defKey" : "SMTC_DEF_SECTION",
    "defName" : "格式化文档章节",
    "comment" : "",
    "properties" : { },
    "fields" : [ ],
    "indexes" : [ ]
  }, {
    "id" : null,
    "rowNo" : 0,
    "defKey" : "SMTC_DEF_VERSION",
    "defName" : "格式化文档版本",
    "comment" : "",
    "properties" : { },
    "fields" : [ ],
    "indexes" : [ ]
  }, {
    "id" : null,
    "rowNo" : 0,
    "defKey" : "SMTC_INST",
    "defName" : "格式化文档实例",
    "comment" : "",
    "properties" : { },
    "fields" : [ ],
    "indexes" : [ ]
  }, {
    "id" : null,
    "rowNo" : 0,
    "defKey" : "SMTC_INST_FRAGMENT",
    "defName" : "格式化文档实例章节片段",
    "comment" : "",
    "properties" : { },
    "fields" : [ ],
    "indexes" : [ ]
  }, {
    "id" : null,
    "rowNo" : 0,
    "defKey" : "SMTC_INST_SECTION",
    "defName" : "格式化文档实例章节",
    "comment" : "",
    "properties" : { },
    "fields" : [ ],
    "indexes" : [ ]
  }, {
    "id" : null,
    "rowNo" : 0,
    "defKey" : "SPECIFIC_CUST_QUOTA",
    "defName" : "限额特殊客户表",
    "comment" : "",
    "properties" : { },
    "fields" : [ ],
    "indexes" : [ ]
  }, {
    "id" : null,
    "rowNo" : 0,
    "defKey" : "SPLIT_QUOTA",
    "defName" : null,
    "comment" : "",
    "properties" : { },
    "fields" : [ ],
    "indexes" : [ ]
  }, {
    "id" : null,
    "rowNo" : 0,
    "defKey" : "SUSP_GROUPCUST_LIST",
    "defName" : "疑似集团客户认定表",
    "comment" : "",
    "properties" : { },
    "fields" : [ ],
    "indexes" : [ ]
  }, {
    "id" : null,
    "rowNo" : 0,
    "defKey" : "SUSP_GROUPCUST_LIST_MERGE",
    "defName" : "疑似集团客户认定表",
    "comment" : "",
    "properties" : { },
    "fields" : [ ],
    "indexes" : [ ]
  }, {
    "id" : null,
    "rowNo" : 0,
    "defKey" : "SUSP_GROUPCUST_LIST_TEMP",
    "defName" : "疑似集团客户认定表",
    "comment" : "",
    "properties" : { },
    "fields" : [ ],
    "indexes" : [ ]
  }, {
    "id" : null,
    "rowNo" : 0,
    "defKey" : "SWITCH_CONTROL",
    "defName" : "开关控制",
    "comment" : "",
    "properties" : { },
    "fields" : [ ],
    "indexes" : [ ]
  }, {
    "id" : null,
    "rowNo" : 0,
    "defKey" : "SYS_EXPORT_SCHEMA_01",
    "defName" : "Data Pump Master Table EXPORT                         SCHEMA",
    "comment" : "",
    "properties" : { },
    "fields" : [ ],
    "indexes" : [ ]
  }, {
    "id" : null,
    "rowNo" : 0,
    "defKey" : "SYS_EXPORT_SCHEMA_02",
    "defName" : "Data Pump Master Table EXPORT                         SCHEMA",
    "comment" : "",
    "properties" : { },
    "fields" : [ ],
    "indexes" : [ ]
  }, {
    "id" : null,
    "rowNo" : 0,
    "defKey" : "SYS_NOTICE",
    "defName" : "公告通知",
    "comment" : "",
    "properties" : { },
    "fields" : [ ],
    "indexes" : [ ]
  }, {
    "id" : null,
    "rowNo" : 0,
    "defKey" : "SYS_RISK_WARN",
    "defName" : "预警信息",
    "comment" : "",
    "properties" : { },
    "fields" : [ ],
    "indexes" : [ ]
  }, {
    "id" : null,
    "rowNo" : 0,
    "defKey" : "SYS_TEMP_FBT",
    "defName" : null,
    "comment" : "",
    "properties" : { },
    "fields" : [ ],
    "indexes" : [ ]
  }, {
    "id" : null,
    "rowNo" : 0,
    "defKey" : "TEST_BUSINESS_TYPE",
    "defName" : null,
    "comment" : "",
    "properties" : { },
    "fields" : [ ],
    "indexes" : [ ]
  }, {
    "id" : null,
    "rowNo" : 0,
    "defKey" : "TEST_BUSINESS_TYPE_BAK",
    "defName" : null,
    "comment" : "",
    "properties" : { },
    "fields" : [ ],
    "indexes" : [ ]
  }, {
    "id" : null,
    "rowNo" : 0,
    "defKey" : "TRADE_SINGLE_MONITOR",
    "defName" : "同业单一客户监控",
    "comment" : "",
    "properties" : { },
    "fields" : [ ],
    "indexes" : [ ]
  }, {
    "id" : null,
    "rowNo" : 0,
    "defKey" : "TUNNEL_PRODUCT_RELATIVE",
    "defName" : null,
    "comment" : "",
    "properties" : { },
    "fields" : [ ],
    "indexes" : [ ]
  }, {
    "id" : null,
    "rowNo" : 0,
    "defKey" : "VERIFICATION_CODE",
    "defName" : null,
    "comment" : "",
    "properties" : { },
    "fields" : [ ],
    "indexes" : [ ]
  }, {
    "id" : null,
    "rowNo" : 0,
    "defKey" : "WKFC_BRANCH_CHOOSE",
    "defName" : "选择分支记录表",
    "comment" : "",
    "properties" : { },
    "fields" : [ ],
    "indexes" : [ ]
  }, {
    "id" : null,
    "rowNo" : 0,
    "defKey" : "WKFC_BRANCH_TEMPLATE",
    "defName" : null,
    "comment" : "",
    "properties" : { },
    "fields" : [ ],
    "indexes" : [ ]
  }, {
    "id" : null,
    "rowNo" : 0,
    "defKey" : "WKFC_CHANNEL",
    "defName" : null,
    "comment" : "",
    "properties" : { },
    "fields" : [ ],
    "indexes" : [ ]
  }, {
    "id" : null,
    "rowNo" : 0,
    "defKey" : "WKFC_CHANNEL_FITFOR",
    "defName" : null,
    "comment" : "",
    "properties" : { },
    "fields" : [ ],
    "indexes" : [ ]
  }, {
    "id" : null,
    "rowNo" : 0,
    "defKey" : "WKFC_CONDITION",
    "defName" : null,
    "comment" : "",
    "properties" : { },
    "fields" : [ ],
    "indexes" : [ ]
  }, {
    "id" : null,
    "rowNo" : 0,
    "defKey" : "WKFL_CANDIDATE",
    "defName" : "任务关联候选人信息",
    "comment" : "",
    "properties" : { },
    "fields" : [ ],
    "indexes" : [ ]
  }, {
    "id" : null,
    "rowNo" : 0,
    "defKey" : "WKFL_COMMENT",
    "defName" : "流程意见",
    "comment" : "",
    "properties" : { },
    "fields" : [ ],
    "indexes" : [ ]
  }, {
    "id" : null,
    "rowNo" : 0,
    "defKey" : "WKFL_COMMENT_HIST",
    "defName" : "流程意见",
    "comment" : "",
    "properties" : { },
    "fields" : [ ],
    "indexes" : [ ]
  }, {
    "id" : null,
    "rowNo" : 0,
    "defKey" : "WKFL_COMMENT_HIST_HISTORY",
    "defName" : "流程意见历史表",
    "comment" : "",
    "properties" : { },
    "fields" : [ ],
    "indexes" : [ ]
  }, {
    "id" : null,
    "rowNo" : 0,
    "defKey" : "WKFL_COMMON_WORDS",
    "defName" : "流程常用意见;",
    "comment" : "",
    "properties" : { },
    "fields" : [ ],
    "indexes" : [ ]
  }, {
    "id" : null,
    "rowNo" : 0,
    "defKey" : "WKFL_CONF_RESOURCE",
    "defName" : "流程资源表",
    "comment" : "",
    "properties" : { },
    "fields" : [ ],
    "indexes" : [ ]
  }, {
    "id" : null,
    "rowNo" : 0,
    "defKey" : "WKFL_MODEL",
    "defName" : "流程设计模型表",
    "comment" : "",
    "properties" : { },
    "fields" : [ ],
    "indexes" : [ ]
  }, {
    "id" : null,
    "rowNo" : 0,
    "defKey" : "WKFL_PROC",
    "defName" : "流程业务实例",
    "comment" : "",
    "properties" : { },
    "fields" : [ ],
    "indexes" : [ ]
  }, {
    "id" : null,
    "rowNo" : 0,
    "defKey" : "WKFL_PROC_HISTORY",
    "defName" : "流程业务实例历史备份表",
    "comment" : "",
    "properties" : { },
    "fields" : [ ],
    "indexes" : [ ]
  }, {
    "id" : null,
    "rowNo" : 0,
    "defKey" : "WKFL_SOLICIT",
    "defName" : "任务意见征求",
    "comment" : "",
    "properties" : { },
    "fields" : [ ],
    "indexes" : [ ]
  }, {
    "id" : null,
    "rowNo" : 0,
    "defKey" : "WKFL_SOLICIT_HIST",
    "defName" : "任务意见征求",
    "comment" : "",
    "properties" : { },
    "fields" : [ ],
    "indexes" : [ ]
  }, {
    "id" : null,
    "rowNo" : 0,
    "defKey" : "WKFL_SOLICIT_HIST_HISTORY",
    "defName" : "任务意见征求历史表",
    "comment" : "",
    "properties" : { },
    "fields" : [ ],
    "indexes" : [ ]
  }, {
    "id" : null,
    "rowNo" : 0,
    "defKey" : "WKFL_TASK",
    "defName" : "流程任务",
    "comment" : "",
    "properties" : { },
    "fields" : [ ],
    "indexes" : [ ]
  }, {
    "id" : null,
    "rowNo" : 0,
    "defKey" : "WKFL_TASK_HIST",
    "defName" : "流程任务",
    "comment" : "",
    "properties" : { },
    "fields" : [ ],
    "indexes" : [ ]
  }, {
    "id" : null,
    "rowNo" : 0,
    "defKey" : "WKFL_TASK_HIST_HISTORY",
    "defName" : "流程任务历史信息",
    "comment" : "",
    "properties" : { },
    "fields" : [ ],
    "indexes" : [ ]
  }, {
    "id" : null,
    "rowNo" : 0,
    "defKey" : "WKFL_TASK_VISITOR",
    "defName" : "流程任务访问记录",
    "comment" : "",
    "properties" : { },
    "fields" : [ ],
    "indexes" : [ ]
  } ],
  "properties" : { }
}
2023-08-13 10:01:29.150 [main] ERROR cn.com.chiner.java.Application - 写结果文件出错
java.io.IOException: No such file or directory
	at java.base/java.io.UnixFileSystem.createFileExclusively(Native Method)
	at java.base/java.io.File.createNewFile(File.java:1043)
	at cn.fisok.raw.kit.FileKit.touchFile(FileKit.java:107)
	at cn.com.chiner.java.Application.sendTextOut(Application.java:135)
	at cn.com.chiner.java.Application.main(Application.java:205)
	at cn.com.chiner.dbtype.OracleTest.listTableTest(OracleTest.java:51)
	at java.base/jdk.internal.reflect.NativeMethodAccessorImpl.invoke0(Native Method)
	at java.base/jdk.internal.reflect.NativeMethodAccessorImpl.invoke(NativeMethodAccessorImpl.java:77)
	at java.base/jdk.internal.reflect.DelegatingMethodAccessorImpl.invoke(DelegatingMethodAccessorImpl.java:43)
	at java.base/java.lang.reflect.Method.invoke(Method.java:568)
	at org.junit.runners.model.FrameworkMethod$1.runReflectiveCall(FrameworkMethod.java:50)
	at org.junit.internal.runners.model.ReflectiveCallable.run(ReflectiveCallable.java:12)
	at org.junit.runners.model.FrameworkMethod.invokeExplosively(FrameworkMethod.java:47)
	at org.junit.internal.runners.statements.InvokeMethod.evaluate(InvokeMethod.java:17)
	at org.junit.runners.ParentRunner.runLeaf(ParentRunner.java:325)
	at org.junit.runners.BlockJUnit4ClassRunner.runChild(BlockJUnit4ClassRunner.java:78)
	at org.junit.runners.BlockJUnit4ClassRunner.runChild(BlockJUnit4ClassRunner.java:57)
	at org.junit.runners.ParentRunner$3.run(ParentRunner.java:290)
	at org.junit.runners.ParentRunner$1.schedule(ParentRunner.java:71)
	at org.junit.runners.ParentRunner.runChildren(ParentRunner.java:288)
	at org.junit.runners.ParentRunner.access$000(ParentRunner.java:58)
	at org.junit.runners.ParentRunner$2.evaluate(ParentRunner.java:268)
	at org.junit.runners.ParentRunner.run(ParentRunner.java:363)
	at org.apache.maven.surefire.junit4.JUnit4Provider.execute(JUnit4Provider.java:316)
	at org.apache.maven.surefire.junit4.JUnit4Provider.executeWithRerun(JUnit4Provider.java:240)
	at org.apache.maven.surefire.junit4.JUnit4Provider.executeTestSet(JUnit4Provider.java:214)
	at org.apache.maven.surefire.junit4.JUnit4Provider.invoke(JUnit4Provider.java:155)
	at org.apache.maven.surefire.booter.ForkedBooter.runSuitesInProcess(ForkedBooter.java:385)
	at org.apache.maven.surefire.booter.ForkedBooter.execute(ForkedBooter.java:162)
	at org.apache.maven.surefire.booter.ForkedBooter.run(ForkedBooter.java:507)
	at org.apache.maven.surefire.booter.ForkedBooter.main(ForkedBooter.java:495)
]]></system-out>
  </testcase>
</testsuite>