<?xml version="1.0" encoding="UTF-8"?>
<testsuite xmlns:xsi="http://www.w3.org/2001/XMLSchema-instance" xsi:noNamespaceSchemaLocation="https://maven.apache.org/surefire/maven-surefire-plugin/xsd/surefire-test-report-3.0.xsd" version="3.0" name="cn.com.chiner.DDLParseTest" time="0.166" tests="1" errors="0" skipped="0" failures="0">
  <properties>
[...]
</properties>
  <testcase name="parseTest" classname="cn.com.chiner.DDLParseTest" time="0.164">
    <system-out><![CDATA[2023-08-13 10:01:23.950 [main] INFO  cn.com.chiner.java.Application - ------------------------------------>>>[执行命令]<<<-------------------------------------
2023-08-13 10:01:23.951 [main] INFO  cn.com.chiner.java.Application - ParseDDLToTableImpl ddlFile=/Users/asher/workspace/ws-vekai/chiner-java/src/test/resources/sql/oracle-ddl.sql out=/Users/asher/workspace/ws-vekai/chiner-java/src/test/resources/out/parse-ddl-3422166997834.json
2023-08-13 10:01:23.951 [main] DEBUG cn.com.chiner.java.Application - java.specification.version = 17
2023-08-13 10:01:23.951 [main] DEBUG cn.com.chiner.java.Application - sun.jnu.encoding = UTF-8
2023-08-13 10:01:23.951 [main] DEBUG cn.com.chiner.java.Application - java.class.path = /home/mmllllyyy/chiner-java/target/test-classes:/home/mmllllyyy/chiner-java/target/classes:/home/mmllllyyy/.m2/repository/com/h2database/h2/1.3.176/h2-1.3.176.jar:/home/mmllllyyy/.m2/repository/mysql/mysql-connector-java/8.0.26/mysql-connector-java-8.0.26.jar:/home/mmllllyyy/.m2/repository/com/google/protobuf/protobuf-java/3.11.4/protobuf-java-3.11.4.jar:/home/mmllllyyy/.m2/repository/com/oracle/database/jdbc/ojdbc8/21.3.0.0/ojdbc8-21.3.0.0.jar:/home/mmllllyyy/.m2/repository/cn/easyproject/orai18n/12.1.0.2.0/orai18n-12.1.0.2.0.jar:/home/mmllllyyy/.m2/repository/com/microsoft/sqlserver/mssql-jdbc/6.2.2.jre8/mssql-jdbc-6.2.2.jre8.jar:/home/mmllllyyy/.m2/repository/org/postgresql/postgresql/42.2.23/postgresql-42.2.23.jar:/home/mmllllyyy/.m2/repository/org/checkerframework/checker-qual/3.5.0/checker-qual-3.5.0.jar:/home/mmllllyyy/.m2/repository/com/ibm/db2/jcc/11.5.5.0/jcc-11.5.5.0.jar:/home/mmllllyyy/.m2/repository/com/dameng/DmJdbcDriver18/8.1.1.193/DmJdbcDriver18-8.1.1.193.jar:/home/mmllllyyy/chiner-java/jdbc/gbasedbtjdbc_3.3.0.jar:/home/mmllllyyy/chiner-java/jdbc/kingbase8-8.6.0.jar:/home/mmllllyyy/.m2/repository/com/aliyun/odps/odps-jdbc/3.2.9/odps-jdbc-3.2.9.jar:/home/mmllllyyy/.m2/repository/com/aliyun/odps/odps-sdk-core/0.36.4-public/odps-sdk-core-0.36.4-public-shaded.jar:/home/mmllllyyy/.m2/repository/com/aliyun/odps/odps-sdk-commons/0.36.4-public/odps-sdk-commons-0.36.4-public.jar:/home/mmllllyyy/.m2/repository/org/aspectj/aspectjrt/1.8.9/aspectjrt-1.8.9.jar:/home/mmllllyyy/.m2/repository/org/codehaus/jackson/jackson-mapper-asl/1.9.13/jackson-mapper-asl-1.9.13.jar:/home/mmllllyyy/.m2/repository/org/codehaus/jackson/jackson-core-asl/1.9.13/jackson-core-asl-1.9.13.jar:/home/mmllllyyy/.m2/repository/com/google/guava/guava/15.0/guava-15.0.jar:/home/mmllllyyy/.m2/repository/net/sourceforge/javacsv/javacsv/2.0/javacsv-2.0.jar:/home/mmllllyyy/.m2/repository/org/xerial/snappy/snappy-java/1.1.1.6/snappy-java-1.1.1.6.jar:/home/mmllllyyy/.m2/repository/javax/mail/mail/1.4.7/mail-1.4.7.jar:/home/mmllllyyy/.m2/repository/stax/stax-api/1.0.1/stax-api-1.0.1.jar:/home/mmllllyyy/.m2/repository/stax/stax/1.2.0/stax-1.2.0.jar:/home/mmllllyyy/.m2/repository/xpp3/xpp3/1.1.3.3/xpp3-1.1.3.3.jar:/home/mmllllyyy/.m2/repository/com/google/code/gson/gson/2.2.4/gson-2.2.4.jar:/home/mmllllyyy/.m2/repository/commons-lang/commons-lang/2.6/commons-lang-2.6.jar:/home/mmllllyyy/.m2/repository/org/xerial/sqlite-jdbc/3.36.0.3/sqlite-jdbc-3.36.0.3.jar:/home/mmllllyyy/.m2/repository/commons-codec/commons-codec/1.11/commons-codec-1.11.jar:/home/mmllllyyy/.m2/repository/junit/junit/4.12/junit-4.12.jar:/home/mmllllyyy/.m2/repository/org/hamcrest/hamcrest-core/1.3/hamcrest-core-1.3.jar:/home/mmllllyyy/.m2/repository/commons-io/commons-io/2.5/commons-io-2.5.jar:/home/mmllllyyy/.m2/repository/commons-jxpath/commons-jxpath/1.3/commons-jxpath-1.3.jar:/home/mmllllyyy/.m2/repository/org/slf4j/slf4j-api/1.7.9/slf4j-api-1.7.9.jar:/home/mmllllyyy/.m2/repository/ch/qos/logback/logback-classic/1.2.1/logback-classic-1.2.1.jar:/home/mmllllyyy/.m2/repository/ch/qos/logback/logback-core/1.2.1/logback-core-1.2.1.jar:/home/mmllllyyy/.m2/repository/commons-beanutils/commons-beanutils/1.9.3/commons-beanutils-1.9.3.jar:/home/mmllllyyy/.m2/repository/commons-logging/commons-logging/1.2/commons-logging-1.2.jar:/home/mmllllyyy/.m2/repository/commons-collections/commons-collections/3.2.2/commons-collections-3.2.2.jar:/home/mmllllyyy/.m2/repository/org/apache/commons/commons-lang3/3.5/commons-lang3-3.5.jar:/home/mmllllyyy/.m2/repository/joda-time/joda-time/2.9.9/joda-time-2.9.9.jar:/home/mmllllyyy/.m2/repository/com/fasterxml/jackson/core/jackson-databind/2.9.6/jackson-databind-2.9.6.jar:/home/mmllllyyy/.m2/repository/com/fasterxml/jackson/core/jackson-annotations/2.9.0/jackson-annotations-2.9.0.jar:/home/mmllllyyy/.m2/repository/com/fasterxml/jackson/core/jackson-core/2.9.6/jackson-core-2.9.6.jar:/home/mmllllyyy/.m2/repository/com/fasterxml/jackson/datatype/jackson-datatype-jsr310/2.9.6/jackson-datatype-jsr310-2.9.6.jar:/home/mmllllyyy/.m2/repository/com/deepoove/poi-tl/1.10.0/poi-tl-1.10.0.jar:/home/mmllllyyy/.m2/repository/org/apache/poi/poi-ooxml/4.1.2/poi-ooxml-4.1.2.jar:/home/mmllllyyy/.m2/repository/org/apache/poi/poi-ooxml-schemas/4.1.2/poi-ooxml-schemas-4.1.2.jar:/home/mmllllyyy/.m2/repository/org/apache/xmlbeans/xmlbeans/3.1.0/xmlbeans-3.1.0.jar:/home/mmllllyyy/.m2/repository/com/github/virtuald/curvesapi/1.06/curvesapi-1.06.jar:/home/mmllllyyy/.m2/repository/org/apache/poi/poi/4.1.2/poi-4.1.2.jar:/home/mmllllyyy/.m2/repository/org/apache/commons/commons-collections4/4.4/commons-collections4-4.4.jar:/home/mmllllyyy/.m2/repository/org/apache/commons/commons-math3/3.6.1/commons-math3-3.6.1.jar:/home/mmllllyyy/.m2/repository/com/zaxxer/SparseBitSet/1.2/SparseBitSet-1.2.jar:/home/mmllllyyy/.m2/repository/com/deepoove/poi-ooxml-schemas-extra/4.1.2/poi-ooxml-schemas-extra-4.1.2.jar:/home/mmllllyyy/.m2/repository/org/apache/xmlgraphics/batik-transcoder/1.14/batik-transcoder-1.14.jar:/home/mmllllyyy/.m2/repository/org/apache/xmlgraphics/batik-anim/1.14/batik-anim-1.14.jar:/home/mmllllyyy/.m2/repository/org/apache/xmlgraphics/batik-css/1.14/batik-css-1.14.jar:/home/mmllllyyy/.m2/repository/org/apache/xmlgraphics/batik-ext/1.14/batik-ext-1.14.jar:/home/mmllllyyy/.m2/repository/org/apache/xmlgraphics/batik-parser/1.14/batik-parser-1.14.jar:/home/mmllllyyy/.m2/repository/org/apache/xmlgraphics/batik-svg-dom/1.14/batik-svg-dom-1.14.jar:/home/mmllllyyy/.m2/repository/org/apache/xmlgraphics/batik-awt-util/1.14/batik-awt-util-1.14.jar:/home/mmllllyyy/.m2/repository/org/apache/xmlgraphics/xmlgraphics-commons/2.6/xmlgraphics-commons-2.6.jar:/home/mmllllyyy/.m2/repository/org/apache/xmlgraphics/batik-bridge/1.14/batik-bridge-1.14.jar:/home/mmllllyyy/.m2/repository/org/apache/xmlgraphics/batik-script/1.14/batik-script-1.14.jar:/home/mmllllyyy/.m2/repository/org/apache/xmlgraphics/batik-dom/1.14/batik-dom-1.14.jar:/home/mmllllyyy/.m2/repository/xalan/xalan/2.7.2/xalan-2.7.2.jar:/home/mmllllyyy/.m2/repository/xalan/serializer/2.7.2/serializer-2.7.2.jar:/home/mmllllyyy/.m2/repository/xml-apis/xml-apis/1.4.01/xml-apis-1.4.01.jar:/home/mmllllyyy/.m2/repository/org/apache/xmlgraphics/batik-gvt/1.14/batik-gvt-1.14.jar:/home/mmllllyyy/.m2/repository/org/apache/xmlgraphics/batik-shared-resources/1.14/batik-shared-resources-1.14.jar:/home/mmllllyyy/.m2/repository/org/apache/xmlgraphics/batik-svggen/1.14/batik-svggen-1.14.jar:/home/mmllllyyy/.m2/repository/org/apache/xmlgraphics/batik-util/1.14/batik-util-1.14.jar:/home/mmllllyyy/.m2/repository/org/apache/xmlgraphics/batik-constants/1.14/batik-constants-1.14.jar:/home/mmllllyyy/.m2/repository/org/apache/xmlgraphics/batik-i18n/1.14/batik-i18n-1.14.jar:/home/mmllllyyy/.m2/repository/org/apache/xmlgraphics/batik-xml/1.14/batik-xml-1.14.jar:/home/mmllllyyy/.m2/repository/xml-apis/xml-apis-ext/1.3.04/xml-apis-ext-1.3.04.jar:/home/mmllllyyy/.m2/repository/org/apache/xmlgraphics/batik-codec/1.14/batik-codec-1.14.jar:/home/mmllllyyy/.m2/repository/org/apache/commons/commons-compress/1.19/commons-compress-1.19.jar:/home/mmllllyyy/.m2/repository/com/alibaba/druid/1.1.21/druid-1.1.21.jar:/home/mmllllyyy/.m2/repository/org/dom4j/dom4j/2.1.3/dom4j-2.1.3.jar:/home/mmllllyyy/.m2/repository/jaxen/jaxen/1.2.0/jaxen-1.2.0.jar:/home/mmllllyyy/.m2/repository/javax/xml/bind/jaxb-api/2.3.0/jaxb-api-2.3.0.jar:/home/mmllllyyy/.m2/repository/com/sun/xml/bind/jaxb-impl/2.3.0/jaxb-impl-2.3.0.jar:/home/mmllllyyy/.m2/repository/com/sun/xml/bind/jaxb-core/2.3.0/jaxb-core-2.3.0.jar:/home/mmllllyyy/.m2/repository/javax/activation/activation/1.1.1/activation-1.1.1.jar:
2023-08-13 10:01:23.952 [main] DEBUG cn.com.chiner.java.Application - java.vm.vendor = Oracle Corporation
2023-08-13 10:01:23.952 [main] DEBUG cn.com.chiner.java.Application - sun.arch.data.model = 64
2023-08-13 10:01:23.952 [main] DEBUG cn.com.chiner.java.Application - java.vendor.url = https://java.oracle.com/
2023-08-13 10:01:23.952 [main] DEBUG cn.com.chiner.java.Application - user.timezone = Asia/Shanghai
2023-08-13 10:01:23.952 [main] DEBUG cn.com.chiner.java.Application - java.vm.specification.version = 17
2023-08-13 10:01:23.952 [main] DEBUG cn.com.chiner.java.Application - os.name = Linux
2023-08-13 10:01:23.952 [main] DEBUG cn.com.chiner.java.Application - sun.java.launcher = SUN_STANDARD
2023-08-13 10:01:23.952 [main] DEBUG cn.com.chiner.java.Application - sun.boot.library.path = /usr/lib/jvm/jdk-17.0.8/lib
2023-08-13 10:01:23.952 [main] DEBUG cn.com.chiner.java.Application - sun.java.command = /home/mmllllyyy/chiner-java/target/surefire/surefirebooter-20230813100123384_3.jar /home/mmllllyyy/chiner-java/target/surefire 2023-08-13T10-01-23_333-jvmRun1 surefire-20230813100123384_1tmp surefire_0-20230813100123384_2tmp
2023-08-13 10:01:23.952 [main] DEBUG cn.com.chiner.java.Application - jdk.debug = release
2023-08-13 10:01:23.952 [main] DEBUG cn.com.chiner.java.Application - surefire.test.class.path = /home/mmllllyyy/chiner-java/target/test-classes:/home/mmllllyyy/chiner-java/target/classes:/home/mmllllyyy/.m2/repository/com/h2database/h2/1.3.176/h2-1.3.176.jar:/home/mmllllyyy/.m2/repository/mysql/mysql-connector-java/8.0.26/mysql-connector-java-8.0.26.jar:/home/mmllllyyy/.m2/repository/com/google/protobuf/protobuf-java/3.11.4/protobuf-java-3.11.4.jar:/home/mmllllyyy/.m2/repository/com/oracle/database/jdbc/ojdbc8/21.3.0.0/ojdbc8-21.3.0.0.jar:/home/mmllllyyy/.m2/repository/cn/easyproject/orai18n/12.1.0.2.0/orai18n-12.1.0.2.0.jar:/home/mmllllyyy/.m2/repository/com/microsoft/sqlserver/mssql-jdbc/6.2.2.jre8/mssql-jdbc-6.2.2.jre8.jar:/home/mmllllyyy/.m2/repository/org/postgresql/postgresql/42.2.23/postgresql-42.2.23.jar:/home/mmllllyyy/.m2/repository/org/checkerframework/checker-qual/3.5.0/checker-qual-3.5.0.jar:/home/mmllllyyy/.m2/repository/com/ibm/db2/jcc/11.5.5.0/jcc-11.5.5.0.jar:/home/mmllllyyy/.m2/repository/com/dameng/DmJdbcDriver18/8.1.1.193/DmJdbcDriver18-8.1.1.193.jar:/home/mmllllyyy/chiner-java/jdbc/gbasedbtjdbc_3.3.0.jar:/home/mmllllyyy/chiner-java/jdbc/kingbase8-8.6.0.jar:/home/mmllllyyy/.m2/repository/com/aliyun/odps/odps-jdbc/3.2.9/odps-jdbc-3.2.9.jar:/home/mmllllyyy/.m2/repository/com/aliyun/odps/odps-sdk-core/0.36.4-public/odps-sdk-core-0.36.4-public-shaded.jar:/home/mmllllyyy/.m2/repository/com/aliyun/odps/odps-sdk-commons/0.36.4-public/odps-sdk-commons-0.36.4-public.jar:/home/mmllllyyy/.m2/repository/org/aspectj/aspectjrt/1.8.9/aspectjrt-1.8.9.jar:/home/mmllllyyy/.m2/repository/org/codehaus/jackson/jackson-mapper-asl/1.9.13/jackson-mapper-asl-1.9.13.jar:/home/mmllllyyy/.m2/repository/org/codehaus/jackson/jackson-core-asl/1.9.13/jackson-core-asl-1.9.13.jar:/home/mmllllyyy/.m2/repository/com/google/guava/guava/15.0/guava-15.0.jar:/home/mmllllyyy/.m2/repository/net/sourceforge/javacsv/javacsv/2.0/javacsv-2.0.jar:/home/mmllllyyy/.m2/repository/org/xerial/snappy/snappy-java/1.1.1.6/snappy-java-1.1.1.6.jar:/home/mmllllyyy/.m2/repository/javax/mail/mail/1.4.7/mail-1.4.7.jar:/home/mmllllyyy/.m2/repository/stax/stax-api/1.0.1/stax-api-1.0.1.jar:/home/mmllllyyy/.m2/repository/stax/stax/1.2.0/stax-1.2.0.jar:/home/mmllllyyy/.m2/repository/xpp3/xpp3/1.1.3.3/xpp3-1.1.3.3.jar:/home/mmllllyyy/.m2/repository/com/google/code/gson/gson/2.2.4/gson-2.2.4.jar:/home/mmllllyyy/.m2/repository/commons-lang/commons-lang/2.6/commons-lang-2.6.jar:/home/mmllllyyy/.m2/repository/org/xerial/sqlite-jdbc/3.36.0.3/sqlite-jdbc-3.36.0.3.jar:/home/mmllllyyy/.m2/repository/commons-codec/commons-codec/1.11/commons-codec-1.11.jar:/home/mmllllyyy/.m2/repository/junit/junit/4.12/junit-4.12.jar:/home/mmllllyyy/.m2/repository/org/hamcrest/hamcrest-core/1.3/hamcrest-core-1.3.jar:/home/mmllllyyy/.m2/repository/commons-io/commons-io/2.5/commons-io-2.5.jar:/home/mmllllyyy/.m2/repository/commons-jxpath/commons-jxpath/1.3/commons-jxpath-1.3.jar:/home/mmllllyyy/.m2/repository/org/slf4j/slf4j-api/1.7.9/slf4j-api-1.7.9.jar:/home/mmllllyyy/.m2/repository/ch/qos/logback/logback-classic/1.2.1/logback-classic-1.2.1.jar:/home/mmllllyyy/.m2/repository/ch/qos/logback/logback-core/1.2.1/logback-core-1.2.1.jar:/home/mmllllyyy/.m2/repository/commons-beanutils/commons-beanutils/1.9.3/commons-beanutils-1.9.3.jar:/home/mmllllyyy/.m2/repository/commons-logging/commons-logging/1.2/commons-logging-1.2.jar:/home/mmllllyyy/.m2/repository/commons-collections/commons-collections/3.2.2/commons-collections-3.2.2.jar:/home/mmllllyyy/.m2/repository/org/apache/commons/commons-lang3/3.5/commons-lang3-3.5.jar:/home/mmllllyyy/.m2/repository/joda-time/joda-time/2.9.9/joda-time-2.9.9.jar:/home/mmllllyyy/.m2/repository/com/fasterxml/jackson/core/jackson-databind/2.9.6/jackson-databind-2.9.6.jar:/home/mmllllyyy/.m2/repository/com/fasterxml/jackson/core/jackson-annotations/2.9.0/jackson-annotations-2.9.0.jar:/home/mmllllyyy/.m2/repository/com/fasterxml/jackson/core/jackson-core/2.9.6/jackson-core-2.9.6.jar:/home/mmllllyyy/.m2/repository/com/fasterxml/jackson/datatype/jackson-datatype-jsr310/2.9.6/jackson-datatype-jsr310-2.9.6.jar:/home/mmllllyyy/.m2/repository/com/deepoove/poi-tl/1.10.0/poi-tl-1.10.0.jar:/home/mmllllyyy/.m2/repository/org/apache/poi/poi-ooxml/4.1.2/poi-ooxml-4.1.2.jar:/home/mmllllyyy/.m2/repository/org/apache/poi/poi-ooxml-schemas/4.1.2/poi-ooxml-schemas-4.1.2.jar:/home/mmllllyyy/.m2/repository/org/apache/xmlbeans/xmlbeans/3.1.0/xmlbeans-3.1.0.jar:/home/mmllllyyy/.m2/repository/com/github/virtuald/curvesapi/1.06/curvesapi-1.06.jar:/home/mmllllyyy/.m2/repository/org/apache/poi/poi/4.1.2/poi-4.1.2.jar:/home/mmllllyyy/.m2/repository/org/apache/commons/commons-collections4/4.4/commons-collections4-4.4.jar:/home/mmllllyyy/.m2/repository/org/apache/commons/commons-math3/3.6.1/commons-math3-3.6.1.jar:/home/mmllllyyy/.m2/repository/com/zaxxer/SparseBitSet/1.2/SparseBitSet-1.2.jar:/home/mmllllyyy/.m2/repository/com/deepoove/poi-ooxml-schemas-extra/4.1.2/poi-ooxml-schemas-extra-4.1.2.jar:/home/mmllllyyy/.m2/repository/org/apache/xmlgraphics/batik-transcoder/1.14/batik-transcoder-1.14.jar:/home/mmllllyyy/.m2/repository/org/apache/xmlgraphics/batik-anim/1.14/batik-anim-1.14.jar:/home/mmllllyyy/.m2/repository/org/apache/xmlgraphics/batik-css/1.14/batik-css-1.14.jar:/home/mmllllyyy/.m2/repository/org/apache/xmlgraphics/batik-ext/1.14/batik-ext-1.14.jar:/home/mmllllyyy/.m2/repository/org/apache/xmlgraphics/batik-parser/1.14/batik-parser-1.14.jar:/home/mmllllyyy/.m2/repository/org/apache/xmlgraphics/batik-svg-dom/1.14/batik-svg-dom-1.14.jar:/home/mmllllyyy/.m2/repository/org/apache/xmlgraphics/batik-awt-util/1.14/batik-awt-util-1.14.jar:/home/mmllllyyy/.m2/repository/org/apache/xmlgraphics/xmlgraphics-commons/2.6/xmlgraphics-commons-2.6.jar:/home/mmllllyyy/.m2/repository/org/apache/xmlgraphics/batik-bridge/1.14/batik-bridge-1.14.jar:/home/mmllllyyy/.m2/repository/org/apache/xmlgraphics/batik-script/1.14/batik-script-1.14.jar:/home/mmllllyyy/.m2/repository/org/apache/xmlgraphics/batik-dom/1.14/batik-dom-1.14.jar:/home/mmllllyyy/.m2/repository/xalan/xalan/2.7.2/xalan-2.7.2.jar:/home/mmllllyyy/.m2/repository/xalan/serializer/2.7.2/serializer-2.7.2.jar:/home/mmllllyyy/.m2/repository/xml-apis/xml-apis/1.4.01/xml-apis-1.4.01.jar:/home/mmllllyyy/.m2/repository/org/apache/xmlgraphics/batik-gvt/1.14/batik-gvt-1.14.jar:/home/mmllllyyy/.m2/repository/org/apache/xmlgraphics/batik-shared-resources/1.14/batik-shared-resources-1.14.jar:/home/mmllllyyy/.m2/repository/org/apache/xmlgraphics/batik-svggen/1.14/batik-svggen-1.14.jar:/home/mmllllyyy/.m2/repository/org/apache/xmlgraphics/batik-util/1.14/batik-util-1.14.jar:/home/mmllllyyy/.m2/repository/org/apache/xmlgraphics/batik-constants/1.14/batik-constants-1.14.jar:/home/mmllllyyy/.m2/repository/org/apache/xmlgraphics/batik-i18n/1.14/batik-i18n-1.14.jar:/home/mmllllyyy/.m2/repository/org/apache/xmlgraphics/batik-xml/1.14/batik-xml-1.14.jar:/home/mmllllyyy/.m2/repository/xml-apis/xml-apis-ext/1.3.04/xml-apis-ext-1.3.04.jar:/home/mmllllyyy/.m2/repository/org/apache/xmlgraphics/batik-codec/1.14/batik-codec-1.14.jar:/home/mmllllyyy/.m2/repository/org/apache/commons/commons-compress/1.19/commons-compress-1.19.jar:/home/mmllllyyy/.m2/repository/com/alibaba/druid/1.1.21/druid-1.1.21.jar:/home/mmllllyyy/.m2/repository/org/dom4j/dom4j/2.1.3/dom4j-2.1.3.jar:/home/mmllllyyy/.m2/repository/jaxen/jaxen/1.2.0/jaxen-1.2.0.jar:/home/mmllllyyy/.m2/repository/javax/xml/bind/jaxb-api/2.3.0/jaxb-api-2.3.0.jar:/home/mmllllyyy/.m2/repository/com/sun/xml/bind/jaxb-impl/2.3.0/jaxb-impl-2.3.0.jar:/home/mmllllyyy/.m2/repository/com/sun/xml/bind/jaxb-core/2.3.0/jaxb-core-2.3.0.jar:/home/mmllllyyy/.m2/repository/javax/activation/activation/1.1.1/activation-1.1.1.jar:
2023-08-13 10:01:23.953 [main] DEBUG cn.com.chiner.java.Application - sun.cpu.endian = little
2023-08-13 10:01:23.953 [main] DEBUG cn.com.chiner.java.Application - user.home = /home/mmllllyyy
2023-08-13 10:01:23.953 [main] DEBUG cn.com.chiner.java.Application - user.language = en
2023-08-13 10:01:23.953 [main] DEBUG cn.com.chiner.java.Application - java.specification.vendor = Oracle Corporation
2023-08-13 10:01:23.953 [main] DEBUG cn.com.chiner.java.Application - java.version.date = 2023-07-18
2023-08-13 10:01:23.953 [main] DEBUG cn.com.chiner.java.Application - java.home = /usr/lib/jvm/jdk-17.0.8
2023-08-13 10:01:23.953 [main] DEBUG cn.com.chiner.java.Application - file.separator = /
2023-08-13 10:01:23.953 [main] DEBUG cn.com.chiner.java.Application - basedir = /home/mmllllyyy/chiner-java
2023-08-13 10:01:23.953 [main] DEBUG cn.com.chiner.java.Application - java.vm.compressedOopsMode = Zero based
2023-08-13 10:01:23.953 [main] DEBUG cn.com.chiner.java.Application - line.separator = 

2023-08-13 10:01:23.953 [main] DEBUG cn.com.chiner.java.Application - java.specification.name = Java Platform API Specification
2023-08-13 10:01:23.953 [main] DEBUG cn.com.chiner.java.Application - java.vm.specification.vendor = Oracle Corporation
2023-08-13 10:01:23.953 [main] DEBUG cn.com.chiner.java.Application - surefire.real.class.path = /home/mmllllyyy/chiner-java/target/surefire/surefirebooter-20230813100123384_3.jar
2023-08-13 10:01:23.953 [main] DEBUG cn.com.chiner.java.Application - sun.management.compiler = HotSpot 64-Bit Tiered Compilers
2023-08-13 10:01:23.953 [main] DEBUG cn.com.chiner.java.Application - java.runtime.version = 17.0.8+9-LTS-211
2023-08-13 10:01:23.953 [main] DEBUG cn.com.chiner.java.Application - user.name = mmllllyyy
2023-08-13 10:01:23.953 [main] DEBUG cn.com.chiner.java.Application - path.separator = :
2023-08-13 10:01:23.954 [main] DEBUG cn.com.chiner.java.Application - os.version = 5.15.90.1-microsoft-standard-WSL2
2023-08-13 10:01:23.954 [main] DEBUG cn.com.chiner.java.Application - java.runtime.name = Java(TM) SE Runtime Environment
2023-08-13 10:01:23.954 [main] DEBUG cn.com.chiner.java.Application - file.encoding = UTF-8
2023-08-13 10:01:23.954 [main] DEBUG cn.com.chiner.java.Application - java.vm.name = Java HotSpot(TM) 64-Bit Server VM
2023-08-13 10:01:23.954 [main] DEBUG cn.com.chiner.java.Application - localRepository = /home/mmllllyyy/.m2/repository
2023-08-13 10:01:23.954 [main] DEBUG cn.com.chiner.java.Application - java.vendor.url.bug = https://bugreport.java.com/bugreport/
2023-08-13 10:01:23.954 [main] DEBUG cn.com.chiner.java.Application - java.io.tmpdir = /tmp
2023-08-13 10:01:23.954 [main] DEBUG cn.com.chiner.java.Application - java.version = 17.0.8
2023-08-13 10:01:23.954 [main] DEBUG cn.com.chiner.java.Application - user.dir = /home/mmllllyyy/chiner-java
2023-08-13 10:01:23.954 [main] DEBUG cn.com.chiner.java.Application - os.arch = amd64
2023-08-13 10:01:23.954 [main] DEBUG cn.com.chiner.java.Application - java.vm.specification.name = Java Virtual Machine Specification
2023-08-13 10:01:23.954 [main] DEBUG cn.com.chiner.java.Application - native.encoding = UTF-8
2023-08-13 10:01:23.954 [main] DEBUG cn.com.chiner.java.Application - java.library.path = /usr/java/packages/lib:/usr/lib64:/lib64:/lib:/usr/lib
2023-08-13 10:01:23.954 [main] DEBUG cn.com.chiner.java.Application - java.vm.info = mixed mode, sharing
2023-08-13 10:01:23.954 [main] DEBUG cn.com.chiner.java.Application - java.vendor = Oracle Corporation
2023-08-13 10:01:23.954 [main] DEBUG cn.com.chiner.java.Application - java.vm.version = 17.0.8+9-LTS-211
2023-08-13 10:01:23.955 [main] DEBUG cn.com.chiner.java.Application - sun.io.unicode.encoding = UnicodeLittle
2023-08-13 10:01:23.955 [main] DEBUG cn.com.chiner.java.Application - java.class.version = 61.0
2023-08-13 10:01:23.955 [main] DEBUG cn.com.chiner.java.Application - Heap-Max:3976MB
2023-08-13 10:01:23.955 [main] DEBUG cn.com.chiner.java.Application - Heap-Init:250MB
2023-08-13 10:01:23.955 [main] DEBUG cn.com.chiner.java.Application - Heap-Committed:254MB
2023-08-13 10:01:23.955 [main] DEBUG cn.com.chiner.java.Application - Heap-Used:24MB
2023-08-13 10:01:23.958 [main] DEBUG cn.com.chiner.java.Application - init = 262144000(256000K) used = 25407488(24812K) committed = 266338304(260096K) max = 4169138176(4071424K)
2023-08-13 10:01:23.958 [main] DEBUG cn.com.chiner.java.Application - NoHeap-Max:0MB
2023-08-13 10:01:23.958 [main] DEBUG cn.com.chiner.java.Application - NoHeap-Init:7MB
2023-08-13 10:01:23.958 [main] DEBUG cn.com.chiner.java.Application - NoHeap-Committed:24MB
2023-08-13 10:01:23.958 [main] DEBUG cn.com.chiner.java.Application - NoHeap-Used:22MB
2023-08-13 10:01:23.958 [main] INFO  cn.com.chiner.java.Application - ----------------------------------------------------------------------------------------
2023-08-13 10:01:23.960 [main] ERROR c.com.chiner.java.command.impl.ParseDDLToTableImpl - 读取DDL文件出错:/Users/asher/workspace/ws-vekai/chiner-java/src/test/resources/sql/oracle-ddl.sql
java.io.FileNotFoundException: /Users/asher/workspace/ws-vekai/chiner-java/src/test/resources/sql/oracle-ddl.sql (No such file or directory)
	at java.base/java.io.FileInputStream.open0(Native Method)
	at java.base/java.io.FileInputStream.open(FileInputStream.java:216)
	at java.base/java.io.FileInputStream.<init>(FileInputStream.java:157)
	at cn.fisok.raw.kit.FileKit.openInputStream(FileKit.java:149)
	at cn.com.chiner.java.command.impl.ParseDDLToTableImpl.readDDLFile(ParseDDLToTableImpl.java:71)
	at cn.com.chiner.java.command.impl.ParseDDLToTableImpl.exec(ParseDDLToTableImpl.java:48)
	at cn.com.chiner.java.command.impl.ParseDDLToTableImpl.exec(ParseDDLToTableImpl.java:39)
	at cn.com.chiner.java.Application.main(Application.java:190)
	at cn.com.chiner.DDLParseTest.parseTest(DDLParseTest.java:36)
	at java.base/jdk.internal.reflect.NativeMethodAccessorImpl.invoke0(Native Method)
	at java.base/jdk.internal.reflect.NativeMethodAccessorImpl.invoke(NativeMethodAccessorImpl.java:77)
	at java.base/jdk.internal.reflect.DelegatingMethodAccessorImpl.invoke(DelegatingMethodAccessorImpl.java:43)
	at java.base/java.lang.reflect.Method.invoke(Method.java:568)
	at org.junit.runners.model.FrameworkMethod$1.runReflectiveCall(FrameworkMethod.java:50)
	at org.junit.internal.runners.model.ReflectiveCallable.run(ReflectiveCallable.java:12)
	at org.junit.runners.model.FrameworkMethod.invokeExplosively(FrameworkMethod.java:47)
	at org.junit.internal.runners.statements.InvokeMethod.evaluate(InvokeMethod.java:17)
	at org.junit.runners.ParentRunner.runLeaf(ParentRunner.java:325)
	at org.junit.runners.BlockJUnit4ClassRunner.runChild(BlockJUnit4ClassRunner.java:78)
	at org.junit.runners.BlockJUnit4ClassRunner.runChild(BlockJUnit4ClassRunner.java:57)
	at org.junit.runners.ParentRunner$3.run(ParentRunner.java:290)
	at org.junit.runners.ParentRunner$1.schedule(ParentRunner.java:71)
	at org.junit.runners.ParentRunner.runChildren(ParentRunner.java:288)
	at org.junit.runners.ParentRunner.access$000(ParentRunner.java:58)
	at org.junit.runners.ParentRunner$2.evaluate(ParentRunner.java:268)
	at org.junit.runners.ParentRunner.run(ParentRunner.java:363)
	at org.apache.maven.surefire.junit4.JUnit4Provider.execute(JUnit4Provider.java:316)
	at org.apache.maven.surefire.junit4.JUnit4Provider.executeWithRerun(JUnit4Provider.java:240)
	at org.apache.maven.surefire.junit4.JUnit4Provider.executeTestSet(JUnit4Provider.java:214)
	at org.apache.maven.surefire.junit4.JUnit4Provider.invoke(JUnit4Provider.java:155)
	at org.apache.maven.surefire.booter.ForkedBooter.runSuitesInProcess(ForkedBooter.java:385)
	at org.apache.maven.surefire.booter.ForkedBooter.execute(ForkedBooter.java:162)
	at org.apache.maven.surefire.booter.ForkedBooter.run(ForkedBooter.java:507)
	at org.apache.maven.surefire.booter.ForkedBooter.main(ForkedBooter.java:495)
2023-08-13 10:01:23.962 [main] ERROR cn.com.chiner.java.Application - 未知的错误
java.lang.RuntimeException: java.io.FileNotFoundException: /Users/asher/workspace/ws-vekai/chiner-java/src/test/resources/sql/oracle-ddl.sql (No such file or directory)
	at cn.com.chiner.java.command.impl.ParseDDLToTableImpl.readDDLFile(ParseDDLToTableImpl.java:76)
	at cn.com.chiner.java.command.impl.ParseDDLToTableImpl.exec(ParseDDLToTableImpl.java:48)
	at cn.com.chiner.java.command.impl.ParseDDLToTableImpl.exec(ParseDDLToTableImpl.java:39)
	at cn.com.chiner.java.Application.main(Application.java:190)
	at cn.com.chiner.DDLParseTest.parseTest(DDLParseTest.java:36)
	at java.base/jdk.internal.reflect.NativeMethodAccessorImpl.invoke0(Native Method)
	at java.base/jdk.internal.reflect.NativeMethodAccessorImpl.invoke(NativeMethodAccessorImpl.java:77)
	at java.base/jdk.internal.reflect.DelegatingMethodAccessorImpl.invoke(DelegatingMethodAccessorImpl.java:43)
	at java.base/java.lang.reflect.Method.invoke(Method.java:568)
	at org.junit.runners.model.FrameworkMethod$1.runReflectiveCall(FrameworkMethod.java:50)
	at org.junit.internal.runners.model.ReflectiveCallable.run(ReflectiveCallable.java:12)
	at org.junit.runners.model.FrameworkMethod.invokeExplosively(FrameworkMethod.java:47)
	at org.junit.internal.runners.statements.InvokeMethod.evaluate(InvokeMethod.java:17)
	at org.junit.runners.ParentRunner.runLeaf(ParentRunner.java:325)
	at org.junit.runners.BlockJUnit4ClassRunner.runChild(BlockJUnit4ClassRunner.java:78)
	at org.junit.runners.BlockJUnit4ClassRunner.runChild(BlockJUnit4ClassRunner.java:57)
	at org.junit.runners.ParentRunner$3.run(ParentRunner.java:290)
	at org.junit.runners.ParentRunner$1.schedule(ParentRunner.java:71)
	at org.junit.runners.ParentRunner.runChildren(ParentRunner.java:288)
	at org.junit.runners.ParentRunner.access$000(ParentRunner.java:58)
	at org.junit.runners.ParentRunner$2.evaluate(ParentRunner.java:268)
	at org.junit.runners.ParentRunner.run(ParentRunner.java:363)
	at org.apache.maven.surefire.junit4.JUnit4Provider.execute(JUnit4Provider.java:316)
	at org.apache.maven.surefire.junit4.JUnit4Provider.executeWithRerun(JUnit4Provider.java:240)
	at org.apache.maven.surefire.junit4.JUnit4Provider.executeTestSet(JUnit4Provider.java:214)
	at org.apache.maven.surefire.junit4.JUnit4Provider.invoke(JUnit4Provider.java:155)
	at org.apache.maven.surefire.booter.ForkedBooter.runSuitesInProcess(ForkedBooter.java:385)
	at org.apache.maven.surefire.booter.ForkedBooter.execute(ForkedBooter.java:162)
	at org.apache.maven.surefire.booter.ForkedBooter.run(ForkedBooter.java:507)
	at org.apache.maven.surefire.booter.ForkedBooter.main(ForkedBooter.java:495)
Caused by: java.io.FileNotFoundException: /Users/asher/workspace/ws-vekai/chiner-java/src/test/resources/sql/oracle-ddl.sql (No such file or directory)
	at java.base/java.io.FileInputStream.open0(Native Method)
	at java.base/java.io.FileInputStream.open(FileInputStream.java:216)
	at java.base/java.io.FileInputStream.<init>(FileInputStream.java:157)
	at cn.fisok.raw.kit.FileKit.openInputStream(FileKit.java:149)
	at cn.com.chiner.java.command.impl.ParseDDLToTableImpl.readDDLFile(ParseDDLToTableImpl.java:71)
	... 29 common frames omitted
2023-08-13 10:01:24.044 [main] ERROR cn.com.chiner.java.Application - 写结果文件出错
java.io.IOException: No such file or directory
	at java.base/java.io.UnixFileSystem.createFileExclusively(Native Method)
	at java.base/java.io.File.createNewFile(File.java:1043)
	at cn.fisok.raw.kit.FileKit.touchFile(FileKit.java:107)
	at cn.com.chiner.java.Application.sendTextOut(Application.java:135)
	at cn.com.chiner.java.Application.main(Application.java:205)
	at cn.com.chiner.DDLParseTest.parseTest(DDLParseTest.java:36)
	at java.base/jdk.internal.reflect.NativeMethodAccessorImpl.invoke0(Native Method)
	at java.base/jdk.internal.reflect.NativeMethodAccessorImpl.invoke(NativeMethodAccessorImpl.java:77)
	at java.base/jdk.internal.reflect.DelegatingMethodAccessorImpl.invoke(DelegatingMethodAccessorImpl.java:43)
	at java.base/java.lang.reflect.Method.invoke(Method.java:568)
	at org.junit.runners.model.FrameworkMethod$1.runReflectiveCall(FrameworkMethod.java:50)
	at org.junit.internal.runners.model.ReflectiveCallable.run(ReflectiveCallable.java:12)
	at org.junit.runners.model.FrameworkMethod.invokeExplosively(FrameworkMethod.java:47)
	at org.junit.internal.runners.statements.InvokeMethod.evaluate(InvokeMethod.java:17)
	at org.junit.runners.ParentRunner.runLeaf(ParentRunner.java:325)
	at org.junit.runners.BlockJUnit4ClassRunner.runChild(BlockJUnit4ClassRunner.java:78)
	at org.junit.runners.BlockJUnit4ClassRunner.runChild(BlockJUnit4ClassRunner.java:57)
	at org.junit.runners.ParentRunner$3.run(ParentRunner.java:290)
	at org.junit.runners.ParentRunner$1.schedule(ParentRunner.java:71)
	at org.junit.runners.ParentRunner.runChildren(ParentRunner.java:288)
	at org.junit.runners.ParentRunner.access$000(ParentRunner.java:58)
	at org.junit.runners.ParentRunner$2.evaluate(ParentRunner.java:268)
	at org.junit.runners.ParentRunner.run(ParentRunner.java:363)
	at org.apache.maven.surefire.junit4.JUnit4Provider.execute(JUnit4Provider.java:316)
	at org.apache.maven.surefire.junit4.JUnit4Provider.executeWithRerun(JUnit4Provider.java:240)
	at org.apache.maven.surefire.junit4.JUnit4Provider.executeTestSet(JUnit4Provider.java:214)
	at org.apache.maven.surefire.junit4.JUnit4Provider.invoke(JUnit4Provider.java:155)
	at org.apache.maven.surefire.booter.ForkedBooter.runSuitesInProcess(ForkedBooter.java:385)
	at org.apache.maven.surefire.booter.ForkedBooter.execute(ForkedBooter.java:162)
	at org.apache.maven.surefire.booter.ForkedBooter.run(ForkedBooter.java:507)
	at org.apache.maven.surefire.booter.ForkedBooter.main(ForkedBooter.java:495)
]]></system-out>
  </testcase>
</testsuite>